ARM GAS  C:\Users\SHOZO\AppData\Local\Temp\ccEbLQ3A.s 			page 1


   1              		.syntax unified
   2              		.cpu cortex-m0
   3              		.fpu softvfp
   4              		.eabi_attribute 20, 1
   5              		.eabi_attribute 21, 1
   6              		.eabi_attribute 23, 3
   7              		.eabi_attribute 24, 1
   8              		.eabi_attribute 25, 1
   9              		.eabi_attribute 26, 1
  10              		.eabi_attribute 30, 1
  11              		.eabi_attribute 34, 0
  12              		.eabi_attribute 18, 4
  13              		.thumb
  14              		.syntax unified
  15              		.file	"CapSense_Tuner.c"
  16              		.text
  17              	.Ltext0:
  18              		.cfi_sections	.debug_frame
  19              		.section	.text.CapSense_TuInitialize,"ax",%progbits
  20              		.align	2
  21              		.global	CapSense_TuInitialize
  22              		.code	16
  23              		.thumb_func
  24              		.type	CapSense_TuInitialize, %function
  25              	CapSense_TuInitialize:
  26              	.LFB0:
  27              		.file 1 "Generated_Source\\PSoC4\\CapSense_Tuner.c"
   1:Generated_Source\PSoC4/CapSense_Tuner.c **** /***************************************************************************//**
   2:Generated_Source\PSoC4/CapSense_Tuner.c **** * \file CapSense_Tuner.c
   3:Generated_Source\PSoC4/CapSense_Tuner.c **** * \version 7.0
   4:Generated_Source\PSoC4/CapSense_Tuner.c **** *
   5:Generated_Source\PSoC4/CapSense_Tuner.c **** * \brief
   6:Generated_Source\PSoC4/CapSense_Tuner.c **** *   This file provides the source code for the Tuner module API of the Component.
   7:Generated_Source\PSoC4/CapSense_Tuner.c **** *
   8:Generated_Source\PSoC4/CapSense_Tuner.c **** * \see CapSense v7.0 Datasheet
   9:Generated_Source\PSoC4/CapSense_Tuner.c **** *
  10:Generated_Source\PSoC4/CapSense_Tuner.c **** *//*****************************************************************************
  11:Generated_Source\PSoC4/CapSense_Tuner.c **** * Copyright (2016-2019), Cypress Semiconductor Corporation.
  12:Generated_Source\PSoC4/CapSense_Tuner.c **** ********************************************************************************
  13:Generated_Source\PSoC4/CapSense_Tuner.c **** * This software is owned by Cypress Semiconductor Corporation (Cypress) and is
  14:Generated_Source\PSoC4/CapSense_Tuner.c **** * protected by and subject to worldwide patent protection (United States and
  15:Generated_Source\PSoC4/CapSense_Tuner.c **** * foreign), United States copyright laws and international treaty provisions.
  16:Generated_Source\PSoC4/CapSense_Tuner.c **** * Cypress hereby grants to licensee a personal, non-exclusive, non-transferable
  17:Generated_Source\PSoC4/CapSense_Tuner.c **** * license to copy, use, modify, create derivative works of, and compile the
  18:Generated_Source\PSoC4/CapSense_Tuner.c **** * Cypress Source Code and derivative works for the sole purpose of creating
  19:Generated_Source\PSoC4/CapSense_Tuner.c **** * custom software in support of licensee product to be used only in conjunction
  20:Generated_Source\PSoC4/CapSense_Tuner.c **** * with a Cypress integrated circuit as specified in the applicable agreement.
  21:Generated_Source\PSoC4/CapSense_Tuner.c **** * Any reproduction, modification, translation, compilation, or representation of
  22:Generated_Source\PSoC4/CapSense_Tuner.c **** * this software except as specified above is prohibited without the express
  23:Generated_Source\PSoC4/CapSense_Tuner.c **** * written permission of Cypress.
  24:Generated_Source\PSoC4/CapSense_Tuner.c **** *
  25:Generated_Source\PSoC4/CapSense_Tuner.c **** * Disclaimer: CYPRESS MAKES NO WARRANTY OF ANY KIND, EXPRESS OR IMPLIED, WITH
  26:Generated_Source\PSoC4/CapSense_Tuner.c **** * REGARD TO THIS MATERIAL, INCLUDING, BUT NOT LIMITED TO, THE IMPLIED
  27:Generated_Source\PSoC4/CapSense_Tuner.c **** * WARRANTIES OF MERCHANTABILITY AND FITNESS FOR A PARTICULAR PURPOSE.
  28:Generated_Source\PSoC4/CapSense_Tuner.c **** * Cypress reserves the right to make changes without further notice to the
  29:Generated_Source\PSoC4/CapSense_Tuner.c **** * materials described herein. Cypress does not assume any liability arising out
  30:Generated_Source\PSoC4/CapSense_Tuner.c **** * of the application or use of any product or circuit described herein. Cypress
ARM GAS  C:\Users\SHOZO\AppData\Local\Temp\ccEbLQ3A.s 			page 2


  31:Generated_Source\PSoC4/CapSense_Tuner.c **** * does not authorize its products for use as critical components in life-support
  32:Generated_Source\PSoC4/CapSense_Tuner.c **** * systems where a malfunction or failure may reasonably be expected to result in
  33:Generated_Source\PSoC4/CapSense_Tuner.c **** * significant injury to the user. The inclusion of Cypress' product in a life-
  34:Generated_Source\PSoC4/CapSense_Tuner.c **** * support systems application implies that the manufacturer assumes all risk of
  35:Generated_Source\PSoC4/CapSense_Tuner.c **** * such use and in doing so indemnifies Cypress against all charges. Use may be
  36:Generated_Source\PSoC4/CapSense_Tuner.c **** * limited by and subject to the applicable Cypress software license agreement.
  37:Generated_Source\PSoC4/CapSense_Tuner.c **** *******************************************************************************/
  38:Generated_Source\PSoC4/CapSense_Tuner.c **** 
  39:Generated_Source\PSoC4/CapSense_Tuner.c **** #include "cytypes.h"
  40:Generated_Source\PSoC4/CapSense_Tuner.c **** #include "CyLib.h"
  41:Generated_Source\PSoC4/CapSense_Tuner.c **** #include "CapSense_Structure.h"
  42:Generated_Source\PSoC4/CapSense_Tuner.c **** #include "CapSense_Tuner.h"
  43:Generated_Source\PSoC4/CapSense_Tuner.c **** #include "CapSense_Control.h"
  44:Generated_Source\PSoC4/CapSense_Tuner.c **** #include "CapSense_Configuration.h"
  45:Generated_Source\PSoC4/CapSense_Tuner.c **** 
  46:Generated_Source\PSoC4/CapSense_Tuner.c **** /* Tuner states definition */
  47:Generated_Source\PSoC4/CapSense_Tuner.c **** #define TU_FSM_RUNNING      (0u)
  48:Generated_Source\PSoC4/CapSense_Tuner.c **** #define TU_FSM_SUSPENDED    (1u)
  49:Generated_Source\PSoC4/CapSense_Tuner.c **** #define TU_FSM_SNR_TEST     (2u)
  50:Generated_Source\PSoC4/CapSense_Tuner.c **** #define TU_FSM_ONE_SCAN     (3u)
  51:Generated_Source\PSoC4/CapSense_Tuner.c **** 
  52:Generated_Source\PSoC4/CapSense_Tuner.c **** /* Tuner state variable */
  53:Generated_Source\PSoC4/CapSense_Tuner.c **** static uint32 tunerFsm = TU_FSM_RUNNING;
  54:Generated_Source\PSoC4/CapSense_Tuner.c **** 
  55:Generated_Source\PSoC4/CapSense_Tuner.c **** 
  56:Generated_Source\PSoC4/CapSense_Tuner.c **** /*******************************************************************************
  57:Generated_Source\PSoC4/CapSense_Tuner.c **** * Function Name: CapSense_TuInitialize
  58:Generated_Source\PSoC4/CapSense_Tuner.c **** ****************************************************************************//**
  59:Generated_Source\PSoC4/CapSense_Tuner.c **** *
  60:Generated_Source\PSoC4/CapSense_Tuner.c **** * \brief
  61:Generated_Source\PSoC4/CapSense_Tuner.c **** *   This function initializes the communication interface with the Tuner GUI.
  62:Generated_Source\PSoC4/CapSense_Tuner.c **** *
  63:Generated_Source\PSoC4/CapSense_Tuner.c **** * \details
  64:Generated_Source\PSoC4/CapSense_Tuner.c **** *   This API sets the tuner state machine to the default state. It is called by
  65:Generated_Source\PSoC4/CapSense_Tuner.c **** *   the CapSense_Start() API.
  66:Generated_Source\PSoC4/CapSense_Tuner.c **** *
  67:Generated_Source\PSoC4/CapSense_Tuner.c **** *******************************************************************************/
  68:Generated_Source\PSoC4/CapSense_Tuner.c **** void CapSense_TuInitialize(void)
  69:Generated_Source\PSoC4/CapSense_Tuner.c **** {
  28              		.loc 1 69 0
  29              		.cfi_startproc
  30              		@ args = 0, pretend = 0, frame = 0
  31              		@ frame_needed = 0, uses_anonymous_args = 0
  32              		@ link register save eliminated.
  33              	.LVL0:
  70:Generated_Source\PSoC4/CapSense_Tuner.c ****     volatile CapSense_RAM_STRUCT *ptrDsRam = &CapSense_dsRam;
  71:Generated_Source\PSoC4/CapSense_Tuner.c **** 
  72:Generated_Source\PSoC4/CapSense_Tuner.c ****     ptrDsRam->tunerCmd = (uint16)CapSense_TU_CMD_NONE_E;
  34              		.loc 1 72 0
  35 0000 0023     		movs	r3, #0
  36 0002 024A     		ldr	r2, .L2
  37 0004 D380     		strh	r3, [r2, #6]
  73:Generated_Source\PSoC4/CapSense_Tuner.c ****     tunerFsm = TU_FSM_RUNNING;
  38              		.loc 1 73 0
  39 0006 024A     		ldr	r2, .L2+4
  40 0008 1360     		str	r3, [r2]
  74:Generated_Source\PSoC4/CapSense_Tuner.c **** }
ARM GAS  C:\Users\SHOZO\AppData\Local\Temp\ccEbLQ3A.s 			page 3


  41              		.loc 1 74 0
  42              		@ sp needed
  43 000a 7047     		bx	lr
  44              	.L3:
  45              		.align	2
  46              	.L2:
  47 000c 00000000 		.word	CapSense_dsRam
  48 0010 00000000 		.word	.LANCHOR0
  49              		.cfi_endproc
  50              	.LFE0:
  51              		.size	CapSense_TuInitialize, .-CapSense_TuInitialize
  52              		.section	.text.CapSense_RunTuner,"ax",%progbits
  53              		.align	2
  54              		.global	CapSense_RunTuner
  55              		.code	16
  56              		.thumb_func
  57              		.type	CapSense_RunTuner, %function
  58              	CapSense_RunTuner:
  59              	.LFB1:
  75:Generated_Source\PSoC4/CapSense_Tuner.c **** 
  76:Generated_Source\PSoC4/CapSense_Tuner.c **** /*******************************************************************************
  77:Generated_Source\PSoC4/CapSense_Tuner.c **** * Function Name: CapSense_RunTuner
  78:Generated_Source\PSoC4/CapSense_Tuner.c **** ****************************************************************************//**
  79:Generated_Source\PSoC4/CapSense_Tuner.c **** *
  80:Generated_Source\PSoC4/CapSense_Tuner.c **** * \brief
  81:Generated_Source\PSoC4/CapSense_Tuner.c **** *  Establishes synchronized communication with the Tuner application.
  82:Generated_Source\PSoC4/CapSense_Tuner.c **** *
  83:Generated_Source\PSoC4/CapSense_Tuner.c **** * \details
  84:Generated_Source\PSoC4/CapSense_Tuner.c **** *  This function is used to establish synchronized communication between the
  85:Generated_Source\PSoC4/CapSense_Tuner.c **** *  CapSense Component and Tuner application (or other host controllers).
  86:Generated_Source\PSoC4/CapSense_Tuner.c **** *  This function is called periodically in the application program loop
  87:Generated_Source\PSoC4/CapSense_Tuner.c **** *  to serve the Tuner application (or host controller) requests and commands.
  88:Generated_Source\PSoC4/CapSense_Tuner.c **** *  In most cases, the best place to call this function is after processing and
  89:Generated_Source\PSoC4/CapSense_Tuner.c **** *  before next scanning.
  90:Generated_Source\PSoC4/CapSense_Tuner.c **** *
  91:Generated_Source\PSoC4/CapSense_Tuner.c **** *  If this function is absent in the application program, then communication is
  92:Generated_Source\PSoC4/CapSense_Tuner.c **** *  asynchronous and the following disadvantages are applicable:
  93:Generated_Source\PSoC4/CapSense_Tuner.c **** *    - The raw counts displayed in the tuner may be filtered and/or unfiltered.
  94:Generated_Source\PSoC4/CapSense_Tuner.c **** *      As a result, noise and SNR measurements will not be accurate.
  95:Generated_Source\PSoC4/CapSense_Tuner.c **** *    - The Tuner tool may read the sensor data such as raw counts from a scan
  96:Generated_Source\PSoC4/CapSense_Tuner.c **** *      multiple times, as a result, noise and SNR measurement will not be
  97:Generated_Source\PSoC4/CapSense_Tuner.c **** *      accurate.
  98:Generated_Source\PSoC4/CapSense_Tuner.c **** *    - The Tuner tool and host controller should not change the Component parameters
  99:Generated_Source\PSoC4/CapSense_Tuner.c **** *      via the tuner interface. Changing the Component parameters via the tuner
 100:Generated_Source\PSoC4/CapSense_Tuner.c **** *      interface in the async mode will result in Component abnormal behavior.
 101:Generated_Source\PSoC4/CapSense_Tuner.c **** *
 102:Generated_Source\PSoC4/CapSense_Tuner.c **** *  Note that calling this function is not mandatory for the application, but
 103:Generated_Source\PSoC4/CapSense_Tuner.c **** *  required only to synchronize the communication with the host controller or
 104:Generated_Source\PSoC4/CapSense_Tuner.c **** *  tuner application.
 105:Generated_Source\PSoC4/CapSense_Tuner.c **** *
 106:Generated_Source\PSoC4/CapSense_Tuner.c **** * \return
 107:Generated_Source\PSoC4/CapSense_Tuner.c **** *  In some cases, the application program may need to know if the Component was
 108:Generated_Source\PSoC4/CapSense_Tuner.c **** *  re-initialized. The return indicates if a restart command was executed or not:
 109:Generated_Source\PSoC4/CapSense_Tuner.c **** *    - CapSense_STATUS_RESTART_DONE - Based on a received command, the
 110:Generated_Source\PSoC4/CapSense_Tuner.c **** *      Component was restarted.
 111:Generated_Source\PSoC4/CapSense_Tuner.c **** *    -  CapSense_STATUS_RESTART_NONE - No restart was executed by this
 112:Generated_Source\PSoC4/CapSense_Tuner.c **** *      function.
ARM GAS  C:\Users\SHOZO\AppData\Local\Temp\ccEbLQ3A.s 			page 4


 113:Generated_Source\PSoC4/CapSense_Tuner.c **** *
 114:Generated_Source\PSoC4/CapSense_Tuner.c **** *******************************************************************************/
 115:Generated_Source\PSoC4/CapSense_Tuner.c **** uint32 CapSense_RunTuner(void)
 116:Generated_Source\PSoC4/CapSense_Tuner.c **** {
  60              		.loc 1 116 0
  61              		.cfi_startproc
  62              		@ args = 0, pretend = 0, frame = 0
  63              		@ frame_needed = 0, uses_anonymous_args = 0
  64 0000 70B5     		push	{r4, r5, r6, lr}
  65              		.cfi_def_cfa_offset 16
  66              		.cfi_offset 4, -16
  67              		.cfi_offset 5, -12
  68              		.cfi_offset 6, -8
  69              		.cfi_offset 14, -4
  70              	.LVL1:
 117:Generated_Source\PSoC4/CapSense_Tuner.c ****     uint8 interruptState;
 118:Generated_Source\PSoC4/CapSense_Tuner.c ****     uint32 widgetId;
 119:Generated_Source\PSoC4/CapSense_Tuner.c ****     uint32 sensorId;
 120:Generated_Source\PSoC4/CapSense_Tuner.c ****     uint32 updateFlag = 0Lu;
 121:Generated_Source\PSoC4/CapSense_Tuner.c ****     CapSense_TU_CMD_ENUM command;
 122:Generated_Source\PSoC4/CapSense_Tuner.c ****     uint32 tunerStatus = CapSense_STATUS_RESTART_NONE;
  71              		.loc 1 122 0
  72 0002 0025     		movs	r5, #0
 120:Generated_Source\PSoC4/CapSense_Tuner.c ****     CapSense_TU_CMD_ENUM command;
  73              		.loc 1 120 0
  74 0004 0026     		movs	r6, #0
  75              	.LVL2:
  76              	.L16:
 123:Generated_Source\PSoC4/CapSense_Tuner.c **** 
 124:Generated_Source\PSoC4/CapSense_Tuner.c ****     volatile CapSense_RAM_STRUCT *ptrDsRam;
 125:Generated_Source\PSoC4/CapSense_Tuner.c ****     volatile CapSense_RAM_SNS_STRUCT *ptrSnsTmp;
 126:Generated_Source\PSoC4/CapSense_Tuner.c **** 
 127:Generated_Source\PSoC4/CapSense_Tuner.c ****     ptrDsRam = &CapSense_dsRam;
 128:Generated_Source\PSoC4/CapSense_Tuner.c **** 
 129:Generated_Source\PSoC4/CapSense_Tuner.c ****     do
 130:Generated_Source\PSoC4/CapSense_Tuner.c ****     {
 131:Generated_Source\PSoC4/CapSense_Tuner.c ****         /* ONE_SCAN command could be interpreted as two commands:
 132:Generated_Source\PSoC4/CapSense_Tuner.c ****         * RESUME till next call of this function and then
 133:Generated_Source\PSoC4/CapSense_Tuner.c ****         * SUSPEND till next command receiving.
 134:Generated_Source\PSoC4/CapSense_Tuner.c ****         */
 135:Generated_Source\PSoC4/CapSense_Tuner.c ****         if (TU_FSM_ONE_SCAN == tunerFsm)
  77              		.loc 1 135 0
  78 0006 3E4B     		ldr	r3, .L18
  79 0008 1B68     		ldr	r3, [r3]
  80 000a 032B     		cmp	r3, #3
  81 000c 06D1     		bne	.L5
 136:Generated_Source\PSoC4/CapSense_Tuner.c ****         {
 137:Generated_Source\PSoC4/CapSense_Tuner.c ****             interruptState = CyEnterCriticalSection();
  82              		.loc 1 137 0
  83 000e FFF7FEFF 		bl	CyEnterCriticalSection
  84              	.LVL3:
 138:Generated_Source\PSoC4/CapSense_Tuner.c ****             ptrDsRam->tunerCmd = (uint16)CapSense_TU_CMD_SUSPEND_E;
  85              		.loc 1 138 0
  86 0012 0122     		movs	r2, #1
  87 0014 3B4B     		ldr	r3, .L18+4
  88 0016 DA80     		strh	r2, [r3, #6]
 139:Generated_Source\PSoC4/CapSense_Tuner.c ****             CyExitCriticalSection(interruptState);
ARM GAS  C:\Users\SHOZO\AppData\Local\Temp\ccEbLQ3A.s 			page 5


  89              		.loc 1 139 0
  90 0018 FFF7FEFF 		bl	CyExitCriticalSection
  91              	.LVL4:
  92              	.L5:
 140:Generated_Source\PSoC4/CapSense_Tuner.c ****         }
 141:Generated_Source\PSoC4/CapSense_Tuner.c ****         command = (CapSense_TU_CMD_ENUM)ptrDsRam->tunerCmd;
  93              		.loc 1 141 0
  94 001c 394B     		ldr	r3, .L18+4
  95 001e DC88     		ldrh	r4, [r3, #6]
  96 0020 E4B2     		uxtb	r4, r4
  97              	.LVL5:
 142:Generated_Source\PSoC4/CapSense_Tuner.c **** 
 143:Generated_Source\PSoC4/CapSense_Tuner.c ****         /* Check command register */
 144:Generated_Source\PSoC4/CapSense_Tuner.c ****         switch (command)
  98              		.loc 1 144 0
  99 0022 062C     		cmp	r4, #6
 100 0024 23D8     		bhi	.L6
 101 0026 A300     		lsls	r3, r4, #2
 102 0028 374A     		ldr	r2, .L18+8
 103 002a D358     		ldr	r3, [r2, r3]
 104 002c 9F46     		mov	pc, r3
 105              		.section	.rodata
 106              		.align	2
 107              	.L8:
 108 0000 6E000000 		.word	.L6
 109 0004 2E000000 		.word	.L7
 110 0008 38000000 		.word	.L9
 111 000c 42000000 		.word	.L10
 112 0010 52000000 		.word	.L11
 113 0014 5C000000 		.word	.L12
 114 0018 66000000 		.word	.L13
 115              		.section	.text.CapSense_RunTuner
 116              	.L7:
 145:Generated_Source\PSoC4/CapSense_Tuner.c ****         {
 146:Generated_Source\PSoC4/CapSense_Tuner.c ****         case CapSense_TU_CMD_SUSPEND_E:
 147:Generated_Source\PSoC4/CapSense_Tuner.c ****             tunerFsm = TU_FSM_SUSPENDED;
 117              		.loc 1 147 0
 118 002e 0122     		movs	r2, #1
 119 0030 334B     		ldr	r3, .L18
 120 0032 1A60     		str	r2, [r3]
 121              	.LVL6:
 148:Generated_Source\PSoC4/CapSense_Tuner.c ****             updateFlag = 1Lu;
 122              		.loc 1 148 0
 123 0034 0126     		movs	r6, #1
 149:Generated_Source\PSoC4/CapSense_Tuner.c ****             break;
 124              		.loc 1 149 0
 125 0036 1AE0     		b	.L6
 126              	.LVL7:
 127              	.L9:
 150:Generated_Source\PSoC4/CapSense_Tuner.c **** 
 151:Generated_Source\PSoC4/CapSense_Tuner.c ****         case CapSense_TU_CMD_RESUME_E:
 152:Generated_Source\PSoC4/CapSense_Tuner.c ****             tunerFsm = TU_FSM_RUNNING;
 128              		.loc 1 152 0
 129 0038 0022     		movs	r2, #0
 130 003a 314B     		ldr	r3, .L18
 131 003c 1A60     		str	r2, [r3]
 132              	.LVL8:
ARM GAS  C:\Users\SHOZO\AppData\Local\Temp\ccEbLQ3A.s 			page 6


 153:Generated_Source\PSoC4/CapSense_Tuner.c ****             updateFlag = 1Lu;
 133              		.loc 1 153 0
 134 003e 0126     		movs	r6, #1
 154:Generated_Source\PSoC4/CapSense_Tuner.c ****             break;
 135              		.loc 1 154 0
 136 0040 15E0     		b	.L6
 137              	.LVL9:
 138              	.L10:
 155:Generated_Source\PSoC4/CapSense_Tuner.c **** 
 156:Generated_Source\PSoC4/CapSense_Tuner.c ****         case CapSense_TU_CMD_RESTART_E:
 157:Generated_Source\PSoC4/CapSense_Tuner.c ****             (void)CapSense_Start();
 139              		.loc 1 157 0
 140 0042 FFF7FEFF 		bl	CapSense_Start
 141              	.LVL10:
 158:Generated_Source\PSoC4/CapSense_Tuner.c ****             tunerStatus = CapSense_STATUS_RESTART_DONE;
 159:Generated_Source\PSoC4/CapSense_Tuner.c ****             tunerFsm = TU_FSM_RUNNING;
 142              		.loc 1 159 0
 143 0046 0022     		movs	r2, #0
 144 0048 2D4B     		ldr	r3, .L18
 145 004a 1A60     		str	r2, [r3]
 146              	.LVL11:
 158:Generated_Source\PSoC4/CapSense_Tuner.c ****             tunerStatus = CapSense_STATUS_RESTART_DONE;
 147              		.loc 1 158 0
 148 004c 0125     		movs	r5, #1
 160:Generated_Source\PSoC4/CapSense_Tuner.c ****             updateFlag = 1Lu;
 149              		.loc 1 160 0
 150 004e 0126     		movs	r6, #1
 161:Generated_Source\PSoC4/CapSense_Tuner.c ****             break;
 151              		.loc 1 161 0
 152 0050 0DE0     		b	.L6
 153              	.LVL12:
 154              	.L11:
 162:Generated_Source\PSoC4/CapSense_Tuner.c **** 
 163:Generated_Source\PSoC4/CapSense_Tuner.c ****         case CapSense_TU_CMD_RUN_SNR_TEST_E:
 164:Generated_Source\PSoC4/CapSense_Tuner.c ****             tunerFsm = TU_FSM_SNR_TEST;
 155              		.loc 1 164 0
 156 0052 0222     		movs	r2, #2
 157 0054 2A4B     		ldr	r3, .L18
 158 0056 1A60     		str	r2, [r3]
 159              	.LVL13:
 165:Generated_Source\PSoC4/CapSense_Tuner.c ****             updateFlag = 1Lu;
 160              		.loc 1 165 0
 161 0058 0126     		movs	r6, #1
 166:Generated_Source\PSoC4/CapSense_Tuner.c ****             break;
 162              		.loc 1 166 0
 163 005a 08E0     		b	.L6
 164              	.LVL14:
 165              	.L12:
 167:Generated_Source\PSoC4/CapSense_Tuner.c **** 
 168:Generated_Source\PSoC4/CapSense_Tuner.c ****         case CapSense_TU_CMD_PING_E:
 169:Generated_Source\PSoC4/CapSense_Tuner.c ****             tunerFsm = TU_FSM_RUNNING;
 166              		.loc 1 169 0
 167 005c 0022     		movs	r2, #0
 168 005e 284B     		ldr	r3, .L18
 169 0060 1A60     		str	r2, [r3]
 170              	.LVL15:
 170:Generated_Source\PSoC4/CapSense_Tuner.c ****             updateFlag = 1Lu;
ARM GAS  C:\Users\SHOZO\AppData\Local\Temp\ccEbLQ3A.s 			page 7


 171              		.loc 1 170 0
 172 0062 0126     		movs	r6, #1
 171:Generated_Source\PSoC4/CapSense_Tuner.c ****             break;
 173              		.loc 1 171 0
 174 0064 03E0     		b	.L6
 175              	.LVL16:
 176              	.L13:
 172:Generated_Source\PSoC4/CapSense_Tuner.c **** 
 173:Generated_Source\PSoC4/CapSense_Tuner.c ****         case CapSense_TU_CMD_ONE_SCAN_E:
 174:Generated_Source\PSoC4/CapSense_Tuner.c ****             tunerFsm = TU_FSM_ONE_SCAN;
 177              		.loc 1 174 0
 178 0066 0322     		movs	r2, #3
 179 0068 254B     		ldr	r3, .L18
 180 006a 1A60     		str	r2, [r3]
 181              	.LVL17:
 175:Generated_Source\PSoC4/CapSense_Tuner.c ****             updateFlag = 0Lu;
 182              		.loc 1 175 0
 183 006c 0026     		movs	r6, #0
 184              	.LVL18:
 185              	.L6:
 176:Generated_Source\PSoC4/CapSense_Tuner.c ****             break;
 177:Generated_Source\PSoC4/CapSense_Tuner.c **** 
 178:Generated_Source\PSoC4/CapSense_Tuner.c ****         default:
 179:Generated_Source\PSoC4/CapSense_Tuner.c ****             break;
 180:Generated_Source\PSoC4/CapSense_Tuner.c ****         }
 181:Generated_Source\PSoC4/CapSense_Tuner.c **** 
 182:Generated_Source\PSoC4/CapSense_Tuner.c ****         /* Set Complete flag in command register if needed */
 183:Generated_Source\PSoC4/CapSense_Tuner.c ****         if (0Lu != updateFlag)
 186              		.loc 1 183 0
 187 006e 002E     		cmp	r6, #0
 188 0070 0FD0     		beq	.L14
 184:Generated_Source\PSoC4/CapSense_Tuner.c ****         {
 185:Generated_Source\PSoC4/CapSense_Tuner.c ****             interruptState = CyEnterCriticalSection();
 189              		.loc 1 185 0
 190 0072 FFF7FEFF 		bl	CyEnterCriticalSection
 191              	.LVL19:
 186:Generated_Source\PSoC4/CapSense_Tuner.c **** 
 187:Generated_Source\PSoC4/CapSense_Tuner.c ****             /* Check if command wasn't overwritten with new command */
 188:Generated_Source\PSoC4/CapSense_Tuner.c ****             if (command == (CapSense_TU_CMD_ENUM)ptrDsRam->tunerCmd)
 192              		.loc 1 188 0
 193 0076 234B     		ldr	r3, .L18+4
 194 0078 DB88     		ldrh	r3, [r3, #6]
 195 007a DBB2     		uxtb	r3, r3
 196 007c 9C42     		cmp	r4, r3
 197 007e 05D1     		bne	.L15
 189:Generated_Source\PSoC4/CapSense_Tuner.c ****             {
 190:Generated_Source\PSoC4/CapSense_Tuner.c ****                 ptrDsRam->tunerCmd |= CapSense_TU_CMD_COMPLETE_BIT;
 198              		.loc 1 190 0
 199 0080 204A     		ldr	r2, .L18+4
 200 0082 D188     		ldrh	r1, [r2, #6]
 201 0084 214B     		ldr	r3, .L18+12
 202 0086 0B43     		orrs	r3, r1
 203 0088 9BB2     		uxth	r3, r3
 204 008a D380     		strh	r3, [r2, #6]
 205              	.L15:
 191:Generated_Source\PSoC4/CapSense_Tuner.c ****             }
 192:Generated_Source\PSoC4/CapSense_Tuner.c ****             CyExitCriticalSection(interruptState);
ARM GAS  C:\Users\SHOZO\AppData\Local\Temp\ccEbLQ3A.s 			page 8


 206              		.loc 1 192 0
 207 008c FFF7FEFF 		bl	CyExitCriticalSection
 208              	.LVL20:
 193:Generated_Source\PSoC4/CapSense_Tuner.c **** 
 194:Generated_Source\PSoC4/CapSense_Tuner.c ****             updateFlag = 0Lu;
 209              		.loc 1 194 0
 210 0090 0026     		movs	r6, #0
 211              	.LVL21:
 212              	.L14:
 195:Generated_Source\PSoC4/CapSense_Tuner.c ****         }
 196:Generated_Source\PSoC4/CapSense_Tuner.c ****     } while (TU_FSM_SUSPENDED == tunerFsm);
 213              		.loc 1 196 0
 214 0092 1B4B     		ldr	r3, .L18
 215 0094 1B68     		ldr	r3, [r3]
 216 0096 012B     		cmp	r3, #1
 217 0098 B5D0     		beq	.L16
 197:Generated_Source\PSoC4/CapSense_Tuner.c **** 
 198:Generated_Source\PSoC4/CapSense_Tuner.c ****     /* Check for SNR Test mode and do appropriate actions */
 199:Generated_Source\PSoC4/CapSense_Tuner.c ****     if (TU_FSM_SNR_TEST == tunerFsm)
 218              		.loc 1 199 0
 219 009a 022B     		cmp	r3, #2
 220 009c 2DD1     		bne	.L17
 200:Generated_Source\PSoC4/CapSense_Tuner.c ****     {
 201:Generated_Source\PSoC4/CapSense_Tuner.c ****         widgetId = ptrDsRam->snrTestWidgetId;
 221              		.loc 1 201 0
 222 009e 194A     		ldr	r2, .L18+4
 223 00a0 6433     		adds	r3, r3, #100
 224 00a2 D35C     		ldrb	r3, [r2, r3]
 225 00a4 DBB2     		uxtb	r3, r3
 226              	.LVL22:
 202:Generated_Source\PSoC4/CapSense_Tuner.c ****         sensorId = ptrDsRam->snrTestSensorId;
 227              		.loc 1 202 0
 228 00a6 6721     		movs	r1, #103
 229 00a8 525C     		ldrb	r2, [r2, r1]
 230 00aa D2B2     		uxtb	r2, r2
 231              	.LVL23:
 203:Generated_Source\PSoC4/CapSense_Tuner.c **** 
 204:Generated_Source\PSoC4/CapSense_Tuner.c ****         /* Check if widgetId and sensorId are in range,
 205:Generated_Source\PSoC4/CapSense_Tuner.c ****          * and data was updated in RAM (scan counter changed)
 206:Generated_Source\PSoC4/CapSense_Tuner.c ****          */
 207:Generated_Source\PSoC4/CapSense_Tuner.c ****         if ((widgetId < CapSense_TOTAL_WIDGETS)              &&
 232              		.loc 1 207 0
 233 00ac 002B     		cmp	r3, #0
 234 00ae 24D1     		bne	.L17
 208:Generated_Source\PSoC4/CapSense_Tuner.c ****             (sensorId < CapSense_GET_SENSOR_COUNT(widgetId)) &&
 235              		.loc 1 208 0 discriminator 1
 236 00b0 3B39     		subs	r1, r1, #59
 237 00b2 5943     		muls	r1, r3
 238 00b4 1648     		ldr	r0, .L18+16
 239 00b6 4118     		adds	r1, r0, r1
 240 00b8 098B     		ldrh	r1, [r1, #24]
 207:Generated_Source\PSoC4/CapSense_Tuner.c ****             (sensorId < CapSense_GET_SENSOR_COUNT(widgetId)) &&
 241              		.loc 1 207 0 discriminator 1
 242 00ba 8A42     		cmp	r2, r1
 243 00bc 1DD2     		bcs	.L17
 209:Generated_Source\PSoC4/CapSense_Tuner.c ****             (ptrDsRam->scanCounter != ptrDsRam->snrTestScanCounter))
 244              		.loc 1 209 0
ARM GAS  C:\Users\SHOZO\AppData\Local\Temp\ccEbLQ3A.s 			page 9


 245 00be 1149     		ldr	r1, .L18+4
 246 00c0 0889     		ldrh	r0, [r1, #8]
 247 00c2 80B2     		uxth	r0, r0
 248 00c4 6824     		movs	r4, #104
 249              	.LVL24:
 250 00c6 095B     		ldrh	r1, [r1, r4]
 251 00c8 89B2     		uxth	r1, r1
 208:Generated_Source\PSoC4/CapSense_Tuner.c ****             (sensorId < CapSense_GET_SENSOR_COUNT(widgetId)) &&
 252              		.loc 1 208 0
 253 00ca 8842     		cmp	r0, r1
 254 00cc 15D0     		beq	.L17
 210:Generated_Source\PSoC4/CapSense_Tuner.c ****         {
 211:Generated_Source\PSoC4/CapSense_Tuner.c ****             /* Get access to the Sensor Object */
 212:Generated_Source\PSoC4/CapSense_Tuner.c ****             ptrSnsTmp = CapSense_dsFlash.wdgtArray[widgetId].ptr2SnsRam;
 255              		.loc 1 212 0
 256 00ce 2C21     		movs	r1, #44
 257 00d0 4B43     		muls	r3, r1
 258              	.LVL25:
 259 00d2 0F49     		ldr	r1, .L18+16
 260 00d4 CB18     		adds	r3, r1, r3
 261 00d6 9C68     		ldr	r4, [r3, #8]
 262              	.LVL26:
 213:Generated_Source\PSoC4/CapSense_Tuner.c ****             ptrSnsTmp += sensorId;
 263              		.loc 1 213 0
 264 00d8 9300     		lsls	r3, r2, #2
 265 00da 9A18     		adds	r2, r3, r2
 266              	.LVL27:
 267 00dc 5300     		lsls	r3, r2, #1
 268 00de E418     		adds	r4, r4, r3
 269              	.LVL28:
 214:Generated_Source\PSoC4/CapSense_Tuner.c **** 
 215:Generated_Source\PSoC4/CapSense_Tuner.c ****             /* Update data in SNR Test Object */
 216:Generated_Source\PSoC4/CapSense_Tuner.c ****             interruptState = CyEnterCriticalSection();
 270              		.loc 1 216 0
 271 00e0 FFF7FEFF 		bl	CyEnterCriticalSection
 272              	.LVL29:
 217:Generated_Source\PSoC4/CapSense_Tuner.c ****             ptrDsRam->snrTestScanCounter = ptrDsRam->scanCounter;
 273              		.loc 1 217 0
 274 00e4 074B     		ldr	r3, .L18+4
 275 00e6 1A89     		ldrh	r2, [r3, #8]
 276 00e8 92B2     		uxth	r2, r2
 277 00ea 6821     		movs	r1, #104
 278 00ec 5A52     		strh	r2, [r3, r1]
 218:Generated_Source\PSoC4/CapSense_Tuner.c ****             ptrDsRam->snrTestRawCount[0u] = ptrSnsTmp->raw[0u];
 279              		.loc 1 218 0
 280 00ee 2288     		ldrh	r2, [r4]
 281 00f0 92B2     		uxth	r2, r2
 282 00f2 0231     		adds	r1, r1, #2
 283 00f4 5A52     		strh	r2, [r3, r1]
 219:Generated_Source\PSoC4/CapSense_Tuner.c **** 
 220:Generated_Source\PSoC4/CapSense_Tuner.c ****             #if (0u != CapSense_MULTI_FREQ_SCAN_EN)
 221:Generated_Source\PSoC4/CapSense_Tuner.c ****                 ptrDsRam->snrTestRawCount[1u] = ptrSnsTmp->raw[1u];
 222:Generated_Source\PSoC4/CapSense_Tuner.c ****                 ptrDsRam->snrTestRawCount[2u] = ptrSnsTmp->raw[2u];
 223:Generated_Source\PSoC4/CapSense_Tuner.c ****             #endif
 224:Generated_Source\PSoC4/CapSense_Tuner.c **** 
 225:Generated_Source\PSoC4/CapSense_Tuner.c ****             CyExitCriticalSection(interruptState);
 284              		.loc 1 225 0
ARM GAS  C:\Users\SHOZO\AppData\Local\Temp\ccEbLQ3A.s 			page 10


 285 00f6 FFF7FEFF 		bl	CyExitCriticalSection
 286              	.LVL30:
 287              	.L17:
 226:Generated_Source\PSoC4/CapSense_Tuner.c ****         }
 227:Generated_Source\PSoC4/CapSense_Tuner.c ****     }
 228:Generated_Source\PSoC4/CapSense_Tuner.c ****     return tunerStatus;
 229:Generated_Source\PSoC4/CapSense_Tuner.c **** }
 288              		.loc 1 229 0
 289 00fa 2800     		movs	r0, r5
 290              		@ sp needed
 291              	.LVL31:
 292              	.LVL32:
 293 00fc 70BD     		pop	{r4, r5, r6, pc}
 294              	.L19:
 295 00fe C046     		.align	2
 296              	.L18:
 297 0100 00000000 		.word	.LANCHOR0
 298 0104 00000000 		.word	CapSense_dsRam
 299 0108 00000000 		.word	.L8
 300 010c 0080FFFF 		.word	-32768
 301 0110 00000000 		.word	CapSense_dsFlash
 302              		.cfi_endproc
 303              	.LFE1:
 304              		.size	CapSense_RunTuner, .-CapSense_RunTuner
 305              		.bss
 306              		.align	2
 307              		.set	.LANCHOR0,. + 0
 308              		.type	tunerFsm, %object
 309              		.size	tunerFsm, 4
 310              	tunerFsm:
 311 0000 00000000 		.space	4
 312              		.text
 313              	.Letext0:
 314              		.file 2 "Generated_Source\\PSoC4\\cytypes.h"
 315              		.file 3 "Generated_Source\\PSoC4\\CapSense_Configuration.h"
 316              		.file 4 "Generated_Source\\PSoC4\\CapSense_Structure.h"
 317              		.file 5 "Generated_Source\\PSoC4\\CapSense_Tuner.h"
 318              		.file 6 "Generated_Source\\PSoC4\\CyLib.h"
 319              		.file 7 "Generated_Source\\PSoC4\\CapSense_Control.h"
 320              		.section	.debug_info,"",%progbits
 321              	.Ldebug_info0:
 322 0000 3A060000 		.4byte	0x63a
 323 0004 0400     		.2byte	0x4
 324 0006 00000000 		.4byte	.Ldebug_abbrev0
 325 000a 04       		.byte	0x4
 326 000b 01       		.uleb128 0x1
 327 000c F0010000 		.4byte	.LASF101
 328 0010 0C       		.byte	0xc
 329 0011 0D030000 		.4byte	.LASF102
 330 0015 5D010000 		.4byte	.LASF103
 331 0019 00000000 		.4byte	.Ldebug_ranges0+0
 332 001d 00000000 		.4byte	0
 333 0021 00000000 		.4byte	.Ldebug_line0
 334 0025 02       		.uleb128 0x2
 335 0026 01       		.byte	0x1
 336 0027 06       		.byte	0x6
 337 0028 E1030000 		.4byte	.LASF0
ARM GAS  C:\Users\SHOZO\AppData\Local\Temp\ccEbLQ3A.s 			page 11


 338 002c 02       		.uleb128 0x2
 339 002d 01       		.byte	0x1
 340 002e 08       		.byte	0x8
 341 002f BB030000 		.4byte	.LASF1
 342 0033 02       		.uleb128 0x2
 343 0034 02       		.byte	0x2
 344 0035 05       		.byte	0x5
 345 0036 E1000000 		.4byte	.LASF2
 346 003a 02       		.uleb128 0x2
 347 003b 02       		.byte	0x2
 348 003c 07       		.byte	0x7
 349 003d 05050000 		.4byte	.LASF3
 350 0041 02       		.uleb128 0x2
 351 0042 04       		.byte	0x4
 352 0043 05       		.byte	0x5
 353 0044 FB020000 		.4byte	.LASF4
 354 0048 02       		.uleb128 0x2
 355 0049 04       		.byte	0x4
 356 004a 07       		.byte	0x7
 357 004b 4A040000 		.4byte	.LASF5
 358 004f 02       		.uleb128 0x2
 359 0050 08       		.byte	0x8
 360 0051 05       		.byte	0x5
 361 0052 4F010000 		.4byte	.LASF6
 362 0056 02       		.uleb128 0x2
 363 0057 08       		.byte	0x8
 364 0058 07       		.byte	0x7
 365 0059 0A040000 		.4byte	.LASF7
 366 005d 03       		.uleb128 0x3
 367 005e 04       		.byte	0x4
 368 005f 05       		.byte	0x5
 369 0060 696E7400 		.ascii	"int\000"
 370 0064 02       		.uleb128 0x2
 371 0065 04       		.byte	0x4
 372 0066 07       		.byte	0x7
 373 0067 3D040000 		.4byte	.LASF8
 374 006b 04       		.uleb128 0x4
 375 006c A0020000 		.4byte	.LASF9
 376 0070 02       		.byte	0x2
 377 0071 F701     		.2byte	0x1f7
 378 0073 2C000000 		.4byte	0x2c
 379 0077 04       		.uleb128 0x4
 380 0078 E9010000 		.4byte	.LASF10
 381 007c 02       		.byte	0x2
 382 007d F801     		.2byte	0x1f8
 383 007f 3A000000 		.4byte	0x3a
 384 0083 04       		.uleb128 0x4
 385 0084 69050000 		.4byte	.LASF11
 386 0088 02       		.byte	0x2
 387 0089 F901     		.2byte	0x1f9
 388 008b 48000000 		.4byte	0x48
 389 008f 02       		.uleb128 0x2
 390 0090 04       		.byte	0x4
 391 0091 04       		.byte	0x4
 392 0092 AD020000 		.4byte	.LASF12
 393 0096 02       		.uleb128 0x2
 394 0097 08       		.byte	0x8
ARM GAS  C:\Users\SHOZO\AppData\Local\Temp\ccEbLQ3A.s 			page 12


 395 0098 04       		.byte	0x4
 396 0099 84050000 		.4byte	.LASF13
 397 009d 02       		.uleb128 0x2
 398 009e 01       		.byte	0x1
 399 009f 08       		.byte	0x8
 400 00a0 F6020000 		.4byte	.LASF14
 401 00a4 05       		.uleb128 0x5
 402 00a5 83000000 		.4byte	0x83
 403 00a9 02       		.uleb128 0x2
 404 00aa 08       		.byte	0x8
 405 00ab 04       		.byte	0x4
 406 00ac 83030000 		.4byte	.LASF15
 407 00b0 02       		.uleb128 0x2
 408 00b1 04       		.byte	0x4
 409 00b2 07       		.byte	0x7
 410 00b3 F6000000 		.4byte	.LASF16
 411 00b7 06       		.uleb128 0x6
 412 00b8 04       		.byte	0x4
 413 00b9 04       		.uleb128 0x4
 414 00ba C9030000 		.4byte	.LASF17
 415 00be 03       		.byte	0x3
 416 00bf 2201     		.2byte	0x122
 417 00c1 77000000 		.4byte	0x77
 418 00c5 04       		.uleb128 0x4
 419 00c6 BC040000 		.4byte	.LASF18
 420 00ca 03       		.byte	0x3
 421 00cb 2601     		.2byte	0x126
 422 00cd 6B000000 		.4byte	0x6b
 423 00d1 07       		.uleb128 0x7
 424 00d2 6B000000 		.4byte	0x6b
 425 00d6 E1000000 		.4byte	0xe1
 426 00da 08       		.uleb128 0x8
 427 00db B0000000 		.4byte	0xb0
 428 00df 00       		.byte	0
 429 00e0 00       		.byte	0
 430 00e1 09       		.uleb128 0x9
 431 00e2 16       		.byte	0x16
 432 00e3 04       		.byte	0x4
 433 00e4 FE       		.byte	0xfe
 434 00e5 A0010000 		.4byte	0x1a0
 435 00e9 0A       		.uleb128 0xa
 436 00ea FA040000 		.4byte	.LASF19
 437 00ee 04       		.byte	0x4
 438 00ef 0301     		.2byte	0x103
 439 00f1 77000000 		.4byte	0x77
 440 00f5 00       		.byte	0
 441 00f6 0A       		.uleb128 0xa
 442 00f7 35030000 		.4byte	.LASF20
 443 00fb 04       		.byte	0x4
 444 00fc 0801     		.2byte	0x108
 445 00fe B9000000 		.4byte	0xb9
 446 0102 02       		.byte	0x2
 447 0103 0A       		.uleb128 0xa
 448 0104 D8010000 		.4byte	.LASF21
 449 0108 04       		.byte	0x4
 450 0109 0D01     		.2byte	0x10d
 451 010b 6B000000 		.4byte	0x6b
ARM GAS  C:\Users\SHOZO\AppData\Local\Temp\ccEbLQ3A.s 			page 13


 452 010f 04       		.byte	0x4
 453 0110 0A       		.uleb128 0xa
 454 0111 36050000 		.4byte	.LASF22
 455 0115 04       		.byte	0x4
 456 0116 1201     		.2byte	0x112
 457 0118 6B000000 		.4byte	0x6b
 458 011c 05       		.byte	0x5
 459 011d 0A       		.uleb128 0xa
 460 011e 6F030000 		.4byte	.LASF23
 461 0122 04       		.byte	0x4
 462 0123 1801     		.2byte	0x118
 463 0125 6B000000 		.4byte	0x6b
 464 0129 06       		.byte	0x6
 465 012a 0A       		.uleb128 0xa
 466 012b EB000000 		.4byte	.LASF24
 467 012f 04       		.byte	0x4
 468 0130 1E01     		.2byte	0x11e
 469 0132 6B000000 		.4byte	0x6b
 470 0136 07       		.byte	0x7
 471 0137 0A       		.uleb128 0xa
 472 0138 82000000 		.4byte	.LASF25
 473 013c 04       		.byte	0x4
 474 013d 2501     		.2byte	0x125
 475 013f C5000000 		.4byte	0xc5
 476 0143 08       		.byte	0x8
 477 0144 0A       		.uleb128 0xa
 478 0145 CA000000 		.4byte	.LASF26
 479 0149 04       		.byte	0x4
 480 014a 2C01     		.2byte	0x12c
 481 014c D1000000 		.4byte	0xd1
 482 0150 09       		.byte	0x9
 483 0151 0A       		.uleb128 0xa
 484 0152 5F000000 		.4byte	.LASF27
 485 0156 04       		.byte	0x4
 486 0157 3101     		.2byte	0x131
 487 0159 6B000000 		.4byte	0x6b
 488 015d 0A       		.byte	0xa
 489 015e 0A       		.uleb128 0xa
 490 015f A6020000 		.4byte	.LASF28
 491 0163 04       		.byte	0x4
 492 0164 3901     		.2byte	0x139
 493 0166 77000000 		.4byte	0x77
 494 016a 0C       		.byte	0xc
 495 016b 0A       		.uleb128 0xa
 496 016c B4010000 		.4byte	.LASF29
 497 0170 04       		.byte	0x4
 498 0171 3E01     		.2byte	0x13e
 499 0173 6B000000 		.4byte	0x6b
 500 0177 0E       		.byte	0xe
 501 0178 0A       		.uleb128 0xa
 502 0179 28060000 		.4byte	.LASF30
 503 017d 04       		.byte	0x4
 504 017e 4401     		.2byte	0x144
 505 0180 77000000 		.4byte	0x77
 506 0184 10       		.byte	0x10
 507 0185 0A       		.uleb128 0xa
 508 0186 62050000 		.4byte	.LASF31
ARM GAS  C:\Users\SHOZO\AppData\Local\Temp\ccEbLQ3A.s 			page 14


 509 018a 04       		.byte	0x4
 510 018b 4901     		.2byte	0x149
 511 018d 77000000 		.4byte	0x77
 512 0191 12       		.byte	0x12
 513 0192 0A       		.uleb128 0xa
 514 0193 51060000 		.4byte	.LASF32
 515 0197 04       		.byte	0x4
 516 0198 4E01     		.2byte	0x14e
 517 019a A0010000 		.4byte	0x1a0
 518 019e 14       		.byte	0x14
 519 019f 00       		.byte	0
 520 01a0 07       		.uleb128 0x7
 521 01a1 77000000 		.4byte	0x77
 522 01a5 B0010000 		.4byte	0x1b0
 523 01a9 08       		.uleb128 0x8
 524 01aa B0000000 		.4byte	0xb0
 525 01ae 00       		.byte	0
 526 01af 00       		.byte	0
 527 01b0 04       		.uleb128 0x4
 528 01b1 88060000 		.4byte	.LASF33
 529 01b5 04       		.byte	0x4
 530 01b6 4F01     		.2byte	0x14f
 531 01b8 E1000000 		.4byte	0xe1
 532 01bc 0B       		.uleb128 0xb
 533 01bd 16       		.byte	0x16
 534 01be 04       		.byte	0x4
 535 01bf 5501     		.2byte	0x155
 536 01c1 D3010000 		.4byte	0x1d3
 537 01c5 0A       		.uleb128 0xa
 538 01c6 43060000 		.4byte	.LASF34
 539 01ca 04       		.byte	0x4
 540 01cb 5A01     		.2byte	0x15a
 541 01cd B0010000 		.4byte	0x1b0
 542 01d1 00       		.byte	0
 543 01d2 00       		.byte	0
 544 01d3 04       		.uleb128 0x4
 545 01d4 B3020000 		.4byte	.LASF35
 546 01d8 04       		.byte	0x4
 547 01d9 5B01     		.2byte	0x15b
 548 01db BC010000 		.4byte	0x1bc
 549 01df 0B       		.uleb128 0xb
 550 01e0 0A       		.byte	0xa
 551 01e1 04       		.byte	0x4
 552 01e2 6101     		.2byte	0x161
 553 01e4 37020000 		.4byte	0x237
 554 01e8 0C       		.uleb128 0xc
 555 01e9 72617700 		.ascii	"raw\000"
 556 01ed 04       		.byte	0x4
 557 01ee 6601     		.2byte	0x166
 558 01f0 A0010000 		.4byte	0x1a0
 559 01f4 00       		.byte	0
 560 01f5 0A       		.uleb128 0xa
 561 01f6 51000000 		.4byte	.LASF36
 562 01fa 04       		.byte	0x4
 563 01fb 6B01     		.2byte	0x16b
 564 01fd A0010000 		.4byte	0x1a0
 565 0201 02       		.byte	0x2
ARM GAS  C:\Users\SHOZO\AppData\Local\Temp\ccEbLQ3A.s 			page 15


 566 0202 0A       		.uleb128 0xa
 567 0203 9A050000 		.4byte	.LASF37
 568 0207 04       		.byte	0x4
 569 0208 7101     		.2byte	0x171
 570 020a D1000000 		.4byte	0xd1
 571 020e 04       		.byte	0x4
 572 020f 0A       		.uleb128 0xa
 573 0210 A6060000 		.4byte	.LASF38
 574 0214 04       		.byte	0x4
 575 0215 7601     		.2byte	0x176
 576 0217 B9000000 		.4byte	0xb9
 577 021b 06       		.byte	0x6
 578 021c 0A       		.uleb128 0xa
 579 021d 3E030000 		.4byte	.LASF39
 580 0221 04       		.byte	0x4
 581 0222 7B01     		.2byte	0x17b
 582 0224 37020000 		.4byte	0x237
 583 0228 08       		.byte	0x8
 584 0229 0A       		.uleb128 0xa
 585 022a 3B010000 		.4byte	.LASF40
 586 022e 04       		.byte	0x4
 587 022f 8001     		.2byte	0x180
 588 0231 D1000000 		.4byte	0xd1
 589 0235 09       		.byte	0x9
 590 0236 00       		.byte	0
 591 0237 07       		.uleb128 0x7
 592 0238 C5000000 		.4byte	0xc5
 593 023c 47020000 		.4byte	0x247
 594 0240 08       		.uleb128 0x8
 595 0241 B0000000 		.4byte	0xb0
 596 0245 00       		.byte	0
 597 0246 00       		.byte	0
 598 0247 04       		.uleb128 0x4
 599 0248 A4040000 		.4byte	.LASF41
 600 024c 04       		.byte	0x4
 601 024d 8101     		.2byte	0x181
 602 024f DF010000 		.4byte	0x1df
 603 0253 0B       		.uleb128 0xb
 604 0254 32       		.byte	0x32
 605 0255 04       		.byte	0x4
 606 0256 8701     		.2byte	0x187
 607 0258 6A020000 		.4byte	0x26a
 608 025c 0A       		.uleb128 0xa
 609 025d 43060000 		.4byte	.LASF34
 610 0261 04       		.byte	0x4
 611 0262 8C01     		.2byte	0x18c
 612 0264 6A020000 		.4byte	0x26a
 613 0268 00       		.byte	0
 614 0269 00       		.byte	0
 615 026a 07       		.uleb128 0x7
 616 026b 47020000 		.4byte	0x247
 617 026f 7A020000 		.4byte	0x27a
 618 0273 08       		.uleb128 0x8
 619 0274 B0000000 		.4byte	0xb0
 620 0278 04       		.byte	0x4
 621 0279 00       		.byte	0
 622 027a 04       		.uleb128 0x4
ARM GAS  C:\Users\SHOZO\AppData\Local\Temp\ccEbLQ3A.s 			page 16


 623 027b ED030000 		.4byte	.LASF42
 624 027f 04       		.byte	0x4
 625 0280 8D01     		.2byte	0x18d
 626 0282 53020000 		.4byte	0x253
 627 0286 0B       		.uleb128 0xb
 628 0287 70       		.byte	0x70
 629 0288 04       		.byte	0x4
 630 0289 9301     		.2byte	0x193
 631 028b 87030000 		.4byte	0x387
 632 028f 0A       		.uleb128 0xa
 633 0290 32010000 		.4byte	.LASF43
 634 0294 04       		.byte	0x4
 635 0295 9A01     		.2byte	0x19a
 636 0297 77000000 		.4byte	0x77
 637 029b 00       		.byte	0
 638 029c 0A       		.uleb128 0xa
 639 029d E0010000 		.4byte	.LASF44
 640 02a1 04       		.byte	0x4
 641 02a2 9F01     		.2byte	0x19f
 642 02a4 77000000 		.4byte	0x77
 643 02a8 02       		.byte	0x2
 644 02a9 0A       		.uleb128 0xa
 645 02aa CA050000 		.4byte	.LASF45
 646 02ae 04       		.byte	0x4
 647 02af A401     		.2byte	0x1a4
 648 02b1 77000000 		.4byte	0x77
 649 02b5 04       		.byte	0x4
 650 02b6 0A       		.uleb128 0xa
 651 02b7 7A030000 		.4byte	.LASF46
 652 02bb 04       		.byte	0x4
 653 02bc AA01     		.2byte	0x1aa
 654 02be 77000000 		.4byte	0x77
 655 02c2 06       		.byte	0x6
 656 02c3 0A       		.uleb128 0xa
 657 02c4 2A050000 		.4byte	.LASF47
 658 02c8 04       		.byte	0x4
 659 02c9 AF01     		.2byte	0x1af
 660 02cb 77000000 		.4byte	0x77
 661 02cf 08       		.byte	0x8
 662 02d0 0A       		.uleb128 0xa
 663 02d1 D7040000 		.4byte	.LASF48
 664 02d5 04       		.byte	0x4
 665 02d6 B401     		.2byte	0x1b4
 666 02d8 A4000000 		.4byte	0xa4
 667 02dc 0C       		.byte	0xc
 668 02dd 0A       		.uleb128 0xa
 669 02de 5C040000 		.4byte	.LASF49
 670 02e2 04       		.byte	0x4
 671 02e3 BA01     		.2byte	0x1ba
 672 02e5 87030000 		.4byte	0x387
 673 02e9 10       		.byte	0x10
 674 02ea 0A       		.uleb128 0xa
 675 02eb 8F030000 		.4byte	.LASF50
 676 02ef 04       		.byte	0x4
 677 02f0 C101     		.2byte	0x1c1
 678 02f2 87030000 		.4byte	0x387
 679 02f6 14       		.byte	0x14
ARM GAS  C:\Users\SHOZO\AppData\Local\Temp\ccEbLQ3A.s 			page 17


 680 02f7 0A       		.uleb128 0xa
 681 02f8 76060000 		.4byte	.LASF51
 682 02fc 04       		.byte	0x4
 683 02fd D101     		.2byte	0x1d1
 684 02ff D1000000 		.4byte	0xd1
 685 0303 18       		.byte	0x18
 686 0304 0A       		.uleb128 0xa
 687 0305 44010000 		.4byte	.LASF52
 688 0309 04       		.byte	0x4
 689 030a D701     		.2byte	0x1d7
 690 030c 77000000 		.4byte	0x77
 691 0310 1A       		.byte	0x1a
 692 0311 0A       		.uleb128 0xa
 693 0312 20050000 		.4byte	.LASF53
 694 0316 04       		.byte	0x4
 695 0317 DC01     		.2byte	0x1dc
 696 0319 6B000000 		.4byte	0x6b
 697 031d 1C       		.byte	0x1c
 698 031e 0A       		.uleb128 0xa
 699 031f 16000000 		.4byte	.LASF54
 700 0323 04       		.byte	0x4
 701 0324 E101     		.2byte	0x1e1
 702 0326 D3010000 		.4byte	0x1d3
 703 032a 1E       		.byte	0x1e
 704 032b 0A       		.uleb128 0xa
 705 032c 18050000 		.4byte	.LASF55
 706 0330 04       		.byte	0x4
 707 0331 E601     		.2byte	0x1e6
 708 0333 7A020000 		.4byte	0x27a
 709 0337 34       		.byte	0x34
 710 0338 0A       		.uleb128 0xa
 711 0339 5A060000 		.4byte	.LASF56
 712 033d 04       		.byte	0x4
 713 033e EB01     		.2byte	0x1eb
 714 0340 6B000000 		.4byte	0x6b
 715 0344 66       		.byte	0x66
 716 0345 0A       		.uleb128 0xa
 717 0346 CF020000 		.4byte	.LASF57
 718 034a 04       		.byte	0x4
 719 034b F001     		.2byte	0x1f0
 720 034d 6B000000 		.4byte	0x6b
 721 0351 67       		.byte	0x67
 722 0352 0A       		.uleb128 0xa
 723 0353 E7040000 		.4byte	.LASF58
 724 0357 04       		.byte	0x4
 725 0358 F501     		.2byte	0x1f5
 726 035a 77000000 		.4byte	0x77
 727 035e 68       		.byte	0x68
 728 035f 0A       		.uleb128 0xa
 729 0360 1F000000 		.4byte	.LASF59
 730 0364 04       		.byte	0x4
 731 0365 FA01     		.2byte	0x1fa
 732 0367 A0010000 		.4byte	0x1a0
 733 036b 6A       		.byte	0x6a
 734 036c 0A       		.uleb128 0xa
 735 036d 70050000 		.4byte	.LASF60
 736 0371 04       		.byte	0x4
ARM GAS  C:\Users\SHOZO\AppData\Local\Temp\ccEbLQ3A.s 			page 18


 737 0372 FF01     		.2byte	0x1ff
 738 0374 6B000000 		.4byte	0x6b
 739 0378 6C       		.byte	0x6c
 740 0379 0A       		.uleb128 0xa
 741 037a 67040000 		.4byte	.LASF61
 742 037e 04       		.byte	0x4
 743 037f 0402     		.2byte	0x204
 744 0381 6B000000 		.4byte	0x6b
 745 0385 6D       		.byte	0x6d
 746 0386 00       		.byte	0
 747 0387 07       		.uleb128 0x7
 748 0388 83000000 		.4byte	0x83
 749 038c 97030000 		.4byte	0x397
 750 0390 08       		.uleb128 0x8
 751 0391 B0000000 		.4byte	0xb0
 752 0395 00       		.byte	0
 753 0396 00       		.byte	0
 754 0397 04       		.uleb128 0x4
 755 0398 4E050000 		.4byte	.LASF62
 756 039c 04       		.byte	0x4
 757 039d 0502     		.2byte	0x205
 758 039f 86020000 		.4byte	0x286
 759 03a3 0B       		.uleb128 0xb
 760 03a4 2C       		.byte	0x2c
 761 03a5 04       		.byte	0x4
 762 03a6 6C02     		.2byte	0x26c
 763 03a8 56040000 		.4byte	0x456
 764 03ac 0A       		.uleb128 0xa
 765 03ad 01060000 		.4byte	.LASF63
 766 03b1 04       		.byte	0x4
 767 03b2 7502     		.2byte	0x275
 768 03b4 56040000 		.4byte	0x456
 769 03b8 00       		.byte	0
 770 03b9 0A       		.uleb128 0xa
 771 03ba 4C030000 		.4byte	.LASF64
 772 03be 04       		.byte	0x4
 773 03bf 7C02     		.2byte	0x27c
 774 03c1 B7000000 		.4byte	0xb7
 775 03c5 04       		.byte	0x4
 776 03c6 0A       		.uleb128 0xa
 777 03c7 F6050000 		.4byte	.LASF65
 778 03cb 04       		.byte	0x4
 779 03cc 8202     		.2byte	0x282
 780 03ce 5D040000 		.4byte	0x45d
 781 03d2 08       		.byte	0x8
 782 03d3 0A       		.uleb128 0xa
 783 03d4 0E060000 		.4byte	.LASF66
 784 03d8 04       		.byte	0x4
 785 03d9 8802     		.2byte	0x288
 786 03db B7000000 		.4byte	0xb7
 787 03df 0C       		.byte	0xc
 788 03e0 0A       		.uleb128 0xa
 789 03e1 90020000 		.4byte	.LASF67
 790 03e5 04       		.byte	0x4
 791 03e6 8F02     		.2byte	0x28f
 792 03e8 63040000 		.4byte	0x463
 793 03ec 10       		.byte	0x10
ARM GAS  C:\Users\SHOZO\AppData\Local\Temp\ccEbLQ3A.s 			page 19


 794 03ed 0A       		.uleb128 0xa
 795 03ee 21040000 		.4byte	.LASF68
 796 03f2 04       		.byte	0x4
 797 03f3 9402     		.2byte	0x294
 798 03f5 83000000 		.4byte	0x83
 799 03f9 14       		.byte	0x14
 800 03fa 0A       		.uleb128 0xa
 801 03fb A3000000 		.4byte	.LASF69
 802 03ff 04       		.byte	0x4
 803 0400 9B02     		.2byte	0x29b
 804 0402 77000000 		.4byte	0x77
 805 0406 18       		.byte	0x18
 806 0407 0A       		.uleb128 0xa
 807 0408 04030000 		.4byte	.LASF70
 808 040c 04       		.byte	0x4
 809 040d A202     		.2byte	0x2a2
 810 040f 6B000000 		.4byte	0x6b
 811 0413 1A       		.byte	0x1a
 812 0414 0A       		.uleb128 0xa
 813 0415 67030000 		.4byte	.LASF71
 814 0419 04       		.byte	0x4
 815 041a AC02     		.2byte	0x2ac
 816 041c 6B000000 		.4byte	0x6b
 817 0420 1B       		.byte	0x1b
 818 0421 0A       		.uleb128 0xa
 819 0422 2F000000 		.4byte	.LASF72
 820 0426 04       		.byte	0x4
 821 0427 B102     		.2byte	0x2b1
 822 0429 77000000 		.4byte	0x77
 823 042d 1C       		.byte	0x1c
 824 042e 0A       		.uleb128 0xa
 825 042f 76040000 		.4byte	.LASF73
 826 0433 04       		.byte	0x4
 827 0434 BA02     		.2byte	0x2ba
 828 0436 83000000 		.4byte	0x83
 829 043a 20       		.byte	0x20
 830 043b 0A       		.uleb128 0xa
 831 043c 8B050000 		.4byte	.LASF74
 832 0440 04       		.byte	0x4
 833 0441 C102     		.2byte	0x2c1
 834 0443 B7000000 		.4byte	0xb7
 835 0447 24       		.byte	0x24
 836 0448 0A       		.uleb128 0xa
 837 0449 D2000000 		.4byte	.LASF75
 838 044d 04       		.byte	0x4
 839 044e C602     		.2byte	0x2c6
 840 0450 6B000000 		.4byte	0x6b
 841 0454 28       		.byte	0x28
 842 0455 00       		.byte	0
 843 0456 0D       		.uleb128 0xd
 844 0457 04       		.byte	0x4
 845 0458 5C040000 		.4byte	0x45c
 846 045c 0E       		.uleb128 0xe
 847 045d 0D       		.uleb128 0xd
 848 045e 04       		.byte	0x4
 849 045f 47020000 		.4byte	0x247
 850 0463 0D       		.uleb128 0xd
ARM GAS  C:\Users\SHOZO\AppData\Local\Temp\ccEbLQ3A.s 			page 20


 851 0464 04       		.byte	0x4
 852 0465 6B000000 		.4byte	0x6b
 853 0469 04       		.uleb128 0x4
 854 046a 19010000 		.4byte	.LASF76
 855 046e 04       		.byte	0x4
 856 046f C702     		.2byte	0x2c7
 857 0471 A3030000 		.4byte	0x3a3
 858 0475 0B       		.uleb128 0xb
 859 0476 2C       		.byte	0x2c
 860 0477 04       		.byte	0x4
 861 0478 CD02     		.2byte	0x2cd
 862 047a 8C040000 		.4byte	0x48c
 863 047e 0A       		.uleb128 0xa
 864 047f 1E060000 		.4byte	.LASF77
 865 0483 04       		.byte	0x4
 866 0484 D202     		.2byte	0x2d2
 867 0486 8C040000 		.4byte	0x48c
 868 048a 00       		.byte	0
 869 048b 00       		.byte	0
 870 048c 07       		.uleb128 0x7
 871 048d 69040000 		.4byte	0x469
 872 0491 9C040000 		.4byte	0x49c
 873 0495 08       		.uleb128 0x8
 874 0496 B0000000 		.4byte	0xb0
 875 049a 00       		.byte	0
 876 049b 00       		.byte	0
 877 049c 04       		.uleb128 0x4
 878 049d 00000000 		.4byte	.LASF78
 879 04a1 04       		.byte	0x4
 880 04a2 D302     		.2byte	0x2d3
 881 04a4 75040000 		.4byte	0x475
 882 04a8 0F       		.uleb128 0xf
 883 04a9 01       		.byte	0x1
 884 04aa 2C000000 		.4byte	0x2c
 885 04ae 05       		.byte	0x5
 886 04af 2E       		.byte	0x2e
 887 04b0 DF040000 		.4byte	0x4df
 888 04b4 10       		.uleb128 0x10
 889 04b5 C1010000 		.4byte	.LASF79
 890 04b9 00       		.byte	0
 891 04ba 10       		.uleb128 0x10
 892 04bb 8A040000 		.4byte	.LASF80
 893 04bf 01       		.byte	0x1
 894 04c0 10       		.uleb128 0x10
 895 04c1 DD050000 		.4byte	.LASF81
 896 04c5 02       		.byte	0x2
 897 04c6 10       		.uleb128 0x10
 898 04c7 FF000000 		.4byte	.LASF82
 899 04cb 03       		.byte	0x3
 900 04cc 10       		.uleb128 0x10
 901 04cd A2050000 		.4byte	.LASF83
 902 04d1 04       		.byte	0x4
 903 04d2 10       		.uleb128 0x10
 904 04d3 DF020000 		.4byte	.LASF84
 905 04d7 05       		.byte	0x5
 906 04d8 10       		.uleb128 0x10
 907 04d9 AF000000 		.4byte	.LASF85
ARM GAS  C:\Users\SHOZO\AppData\Local\Temp\ccEbLQ3A.s 			page 21


 908 04dd 06       		.byte	0x6
 909 04de 00       		.byte	0
 910 04df 11       		.uleb128 0x11
 911 04e0 6D000000 		.4byte	.LASF86
 912 04e4 05       		.byte	0x5
 913 04e5 36       		.byte	0x36
 914 04e6 A8040000 		.4byte	0x4a8
 915 04ea 12       		.uleb128 0x12
 916 04eb 3B000000 		.4byte	.LASF104
 917 04ef 01       		.byte	0x1
 918 04f0 44       		.byte	0x44
 919 04f1 00000000 		.4byte	.LFB0
 920 04f5 14000000 		.4byte	.LFE0-.LFB0
 921 04f9 01       		.uleb128 0x1
 922 04fa 9C       		.byte	0x9c
 923 04fb 0B050000 		.4byte	0x50b
 924 04ff 13       		.uleb128 0x13
 925 0500 C1050000 		.4byte	.LASF93
 926 0504 01       		.byte	0x1
 927 0505 46       		.byte	0x46
 928 0506 0B050000 		.4byte	0x50b
 929 050a 00       		.byte	0
 930 050b 0D       		.uleb128 0xd
 931 050c 04       		.byte	0x4
 932 050d 11050000 		.4byte	0x511
 933 0511 05       		.uleb128 0x5
 934 0512 97030000 		.4byte	0x397
 935 0516 14       		.uleb128 0x14
 936 0517 7E020000 		.4byte	.LASF105
 937 051b 01       		.byte	0x1
 938 051c 73       		.byte	0x73
 939 051d 83000000 		.4byte	0x83
 940 0521 00000000 		.4byte	.LFB1
 941 0525 14010000 		.4byte	.LFE1-.LFB1
 942 0529 01       		.uleb128 0x1
 943 052a 9C       		.byte	0x9c
 944 052b E3050000 		.4byte	0x5e3
 945 052f 15       		.uleb128 0x15
 946 0530 3F050000 		.4byte	.LASF87
 947 0534 01       		.byte	0x1
 948 0535 75       		.byte	0x75
 949 0536 6B000000 		.4byte	0x6b
 950 053a 00000000 		.4byte	.LLST0
 951 053e 15       		.uleb128 0x15
 952 053f DE040000 		.4byte	.LASF88
 953 0543 01       		.byte	0x1
 954 0544 76       		.byte	0x76
 955 0545 83000000 		.4byte	0x83
 956 0549 29000000 		.4byte	.LLST1
 957 054d 15       		.uleb128 0x15
 958 054e 56000000 		.4byte	.LASF89
 959 0552 01       		.byte	0x1
 960 0553 77       		.byte	0x77
 961 0554 83000000 		.4byte	0x83
 962 0558 3C000000 		.4byte	.LLST2
 963 055c 15       		.uleb128 0x15
 964 055d D2050000 		.4byte	.LASF90
ARM GAS  C:\Users\SHOZO\AppData\Local\Temp\ccEbLQ3A.s 			page 22


 965 0561 01       		.byte	0x1
 966 0562 78       		.byte	0x78
 967 0563 83000000 		.4byte	0x83
 968 0567 4F000000 		.4byte	.LLST3
 969 056b 15       		.uleb128 0x15
 970 056c 80060000 		.4byte	.LASF91
 971 0570 01       		.byte	0x1
 972 0571 79       		.byte	0x79
 973 0572 DF040000 		.4byte	0x4df
 974 0576 0F010000 		.4byte	.LLST4
 975 057a 15       		.uleb128 0x15
 976 057b 6A060000 		.4byte	.LASF92
 977 057f 01       		.byte	0x1
 978 0580 7A       		.byte	0x7a
 979 0581 83000000 		.4byte	0x83
 980 0585 22010000 		.4byte	.LLST5
 981 0589 13       		.uleb128 0x13
 982 058a C1050000 		.4byte	.LASF93
 983 058e 01       		.byte	0x1
 984 058f 7C       		.byte	0x7c
 985 0590 0B050000 		.4byte	0x50b
 986 0594 15       		.uleb128 0x15
 987 0595 9A030000 		.4byte	.LASF94
 988 0599 01       		.byte	0x1
 989 059a 7D       		.byte	0x7d
 990 059b E3050000 		.4byte	0x5e3
 991 059f 63010000 		.4byte	.LLST6
 992 05a3 16       		.uleb128 0x16
 993 05a4 12000000 		.4byte	.LVL3
 994 05a8 1C060000 		.4byte	0x61c
 995 05ac 16       		.uleb128 0x16
 996 05ad 1C000000 		.4byte	.LVL4
 997 05b1 27060000 		.4byte	0x627
 998 05b5 16       		.uleb128 0x16
 999 05b6 46000000 		.4byte	.LVL10
 1000 05ba 32060000 		.4byte	0x632
 1001 05be 16       		.uleb128 0x16
 1002 05bf 76000000 		.4byte	.LVL19
 1003 05c3 1C060000 		.4byte	0x61c
 1004 05c7 16       		.uleb128 0x16
 1005 05c8 90000000 		.4byte	.LVL20
 1006 05cc 27060000 		.4byte	0x627
 1007 05d0 16       		.uleb128 0x16
 1008 05d1 E4000000 		.4byte	.LVL29
 1009 05d5 1C060000 		.4byte	0x61c
 1010 05d9 16       		.uleb128 0x16
 1011 05da FA000000 		.4byte	.LVL30
 1012 05de 27060000 		.4byte	0x627
 1013 05e2 00       		.byte	0
 1014 05e3 0D       		.uleb128 0xd
 1015 05e4 04       		.byte	0x4
 1016 05e5 E9050000 		.4byte	0x5e9
 1017 05e9 05       		.uleb128 0x5
 1018 05ea 47020000 		.4byte	0x247
 1019 05ee 17       		.uleb128 0x17
 1020 05ef 7B050000 		.4byte	.LASF95
 1021 05f3 01       		.byte	0x1
ARM GAS  C:\Users\SHOZO\AppData\Local\Temp\ccEbLQ3A.s 			page 23


 1022 05f4 35       		.byte	0x35
 1023 05f5 83000000 		.4byte	0x83
 1024 05f9 05       		.uleb128 0x5
 1025 05fa 03       		.byte	0x3
 1026 05fb 00000000 		.4byte	tunerFsm
 1027 05ff 18       		.uleb128 0x18
 1028 0600 58030000 		.4byte	.LASF96
 1029 0604 04       		.byte	0x4
 1030 0605 7504     		.2byte	0x475
 1031 0607 97030000 		.4byte	0x397
 1032 060b 18       		.uleb128 0x18
 1033 060c 32060000 		.4byte	.LASF97
 1034 0610 04       		.byte	0x4
 1035 0611 7604     		.2byte	0x476
 1036 0613 17060000 		.4byte	0x617
 1037 0617 19       		.uleb128 0x19
 1038 0618 9C040000 		.4byte	0x49c
 1039 061c 1A       		.uleb128 0x1a
 1040 061d A4030000 		.4byte	.LASF98
 1041 0621 A4030000 		.4byte	.LASF98
 1042 0625 06       		.byte	0x6
 1043 0626 F8       		.byte	0xf8
 1044 0627 1A       		.uleb128 0x1a
 1045 0628 8D000000 		.4byte	.LASF99
 1046 062c 8D000000 		.4byte	.LASF99
 1047 0630 06       		.byte	0x6
 1048 0631 F9       		.byte	0xf9
 1049 0632 1A       		.uleb128 0x1a
 1050 0633 2E040000 		.4byte	.LASF100
 1051 0637 2E040000 		.4byte	.LASF100
 1052 063b 07       		.byte	0x7
 1053 063c 3B       		.byte	0x3b
 1054 063d 00       		.byte	0
 1055              		.section	.debug_abbrev,"",%progbits
 1056              	.Ldebug_abbrev0:
 1057 0000 01       		.uleb128 0x1
 1058 0001 11       		.uleb128 0x11
 1059 0002 01       		.byte	0x1
 1060 0003 25       		.uleb128 0x25
 1061 0004 0E       		.uleb128 0xe
 1062 0005 13       		.uleb128 0x13
 1063 0006 0B       		.uleb128 0xb
 1064 0007 03       		.uleb128 0x3
 1065 0008 0E       		.uleb128 0xe
 1066 0009 1B       		.uleb128 0x1b
 1067 000a 0E       		.uleb128 0xe
 1068 000b 55       		.uleb128 0x55
 1069 000c 17       		.uleb128 0x17
 1070 000d 11       		.uleb128 0x11
 1071 000e 01       		.uleb128 0x1
 1072 000f 10       		.uleb128 0x10
 1073 0010 17       		.uleb128 0x17
 1074 0011 00       		.byte	0
 1075 0012 00       		.byte	0
 1076 0013 02       		.uleb128 0x2
 1077 0014 24       		.uleb128 0x24
 1078 0015 00       		.byte	0
ARM GAS  C:\Users\SHOZO\AppData\Local\Temp\ccEbLQ3A.s 			page 24


 1079 0016 0B       		.uleb128 0xb
 1080 0017 0B       		.uleb128 0xb
 1081 0018 3E       		.uleb128 0x3e
 1082 0019 0B       		.uleb128 0xb
 1083 001a 03       		.uleb128 0x3
 1084 001b 0E       		.uleb128 0xe
 1085 001c 00       		.byte	0
 1086 001d 00       		.byte	0
 1087 001e 03       		.uleb128 0x3
 1088 001f 24       		.uleb128 0x24
 1089 0020 00       		.byte	0
 1090 0021 0B       		.uleb128 0xb
 1091 0022 0B       		.uleb128 0xb
 1092 0023 3E       		.uleb128 0x3e
 1093 0024 0B       		.uleb128 0xb
 1094 0025 03       		.uleb128 0x3
 1095 0026 08       		.uleb128 0x8
 1096 0027 00       		.byte	0
 1097 0028 00       		.byte	0
 1098 0029 04       		.uleb128 0x4
 1099 002a 16       		.uleb128 0x16
 1100 002b 00       		.byte	0
 1101 002c 03       		.uleb128 0x3
 1102 002d 0E       		.uleb128 0xe
 1103 002e 3A       		.uleb128 0x3a
 1104 002f 0B       		.uleb128 0xb
 1105 0030 3B       		.uleb128 0x3b
 1106 0031 05       		.uleb128 0x5
 1107 0032 49       		.uleb128 0x49
 1108 0033 13       		.uleb128 0x13
 1109 0034 00       		.byte	0
 1110 0035 00       		.byte	0
 1111 0036 05       		.uleb128 0x5
 1112 0037 35       		.uleb128 0x35
 1113 0038 00       		.byte	0
 1114 0039 49       		.uleb128 0x49
 1115 003a 13       		.uleb128 0x13
 1116 003b 00       		.byte	0
 1117 003c 00       		.byte	0
 1118 003d 06       		.uleb128 0x6
 1119 003e 0F       		.uleb128 0xf
 1120 003f 00       		.byte	0
 1121 0040 0B       		.uleb128 0xb
 1122 0041 0B       		.uleb128 0xb
 1123 0042 00       		.byte	0
 1124 0043 00       		.byte	0
 1125 0044 07       		.uleb128 0x7
 1126 0045 01       		.uleb128 0x1
 1127 0046 01       		.byte	0x1
 1128 0047 49       		.uleb128 0x49
 1129 0048 13       		.uleb128 0x13
 1130 0049 01       		.uleb128 0x1
 1131 004a 13       		.uleb128 0x13
 1132 004b 00       		.byte	0
 1133 004c 00       		.byte	0
 1134 004d 08       		.uleb128 0x8
 1135 004e 21       		.uleb128 0x21
ARM GAS  C:\Users\SHOZO\AppData\Local\Temp\ccEbLQ3A.s 			page 25


 1136 004f 00       		.byte	0
 1137 0050 49       		.uleb128 0x49
 1138 0051 13       		.uleb128 0x13
 1139 0052 2F       		.uleb128 0x2f
 1140 0053 0B       		.uleb128 0xb
 1141 0054 00       		.byte	0
 1142 0055 00       		.byte	0
 1143 0056 09       		.uleb128 0x9
 1144 0057 13       		.uleb128 0x13
 1145 0058 01       		.byte	0x1
 1146 0059 0B       		.uleb128 0xb
 1147 005a 0B       		.uleb128 0xb
 1148 005b 3A       		.uleb128 0x3a
 1149 005c 0B       		.uleb128 0xb
 1150 005d 3B       		.uleb128 0x3b
 1151 005e 0B       		.uleb128 0xb
 1152 005f 01       		.uleb128 0x1
 1153 0060 13       		.uleb128 0x13
 1154 0061 00       		.byte	0
 1155 0062 00       		.byte	0
 1156 0063 0A       		.uleb128 0xa
 1157 0064 0D       		.uleb128 0xd
 1158 0065 00       		.byte	0
 1159 0066 03       		.uleb128 0x3
 1160 0067 0E       		.uleb128 0xe
 1161 0068 3A       		.uleb128 0x3a
 1162 0069 0B       		.uleb128 0xb
 1163 006a 3B       		.uleb128 0x3b
 1164 006b 05       		.uleb128 0x5
 1165 006c 49       		.uleb128 0x49
 1166 006d 13       		.uleb128 0x13
 1167 006e 38       		.uleb128 0x38
 1168 006f 0B       		.uleb128 0xb
 1169 0070 00       		.byte	0
 1170 0071 00       		.byte	0
 1171 0072 0B       		.uleb128 0xb
 1172 0073 13       		.uleb128 0x13
 1173 0074 01       		.byte	0x1
 1174 0075 0B       		.uleb128 0xb
 1175 0076 0B       		.uleb128 0xb
 1176 0077 3A       		.uleb128 0x3a
 1177 0078 0B       		.uleb128 0xb
 1178 0079 3B       		.uleb128 0x3b
 1179 007a 05       		.uleb128 0x5
 1180 007b 01       		.uleb128 0x1
 1181 007c 13       		.uleb128 0x13
 1182 007d 00       		.byte	0
 1183 007e 00       		.byte	0
 1184 007f 0C       		.uleb128 0xc
 1185 0080 0D       		.uleb128 0xd
 1186 0081 00       		.byte	0
 1187 0082 03       		.uleb128 0x3
 1188 0083 08       		.uleb128 0x8
 1189 0084 3A       		.uleb128 0x3a
 1190 0085 0B       		.uleb128 0xb
 1191 0086 3B       		.uleb128 0x3b
 1192 0087 05       		.uleb128 0x5
ARM GAS  C:\Users\SHOZO\AppData\Local\Temp\ccEbLQ3A.s 			page 26


 1193 0088 49       		.uleb128 0x49
 1194 0089 13       		.uleb128 0x13
 1195 008a 38       		.uleb128 0x38
 1196 008b 0B       		.uleb128 0xb
 1197 008c 00       		.byte	0
 1198 008d 00       		.byte	0
 1199 008e 0D       		.uleb128 0xd
 1200 008f 0F       		.uleb128 0xf
 1201 0090 00       		.byte	0
 1202 0091 0B       		.uleb128 0xb
 1203 0092 0B       		.uleb128 0xb
 1204 0093 49       		.uleb128 0x49
 1205 0094 13       		.uleb128 0x13
 1206 0095 00       		.byte	0
 1207 0096 00       		.byte	0
 1208 0097 0E       		.uleb128 0xe
 1209 0098 26       		.uleb128 0x26
 1210 0099 00       		.byte	0
 1211 009a 00       		.byte	0
 1212 009b 00       		.byte	0
 1213 009c 0F       		.uleb128 0xf
 1214 009d 04       		.uleb128 0x4
 1215 009e 01       		.byte	0x1
 1216 009f 0B       		.uleb128 0xb
 1217 00a0 0B       		.uleb128 0xb
 1218 00a1 49       		.uleb128 0x49
 1219 00a2 13       		.uleb128 0x13
 1220 00a3 3A       		.uleb128 0x3a
 1221 00a4 0B       		.uleb128 0xb
 1222 00a5 3B       		.uleb128 0x3b
 1223 00a6 0B       		.uleb128 0xb
 1224 00a7 01       		.uleb128 0x1
 1225 00a8 13       		.uleb128 0x13
 1226 00a9 00       		.byte	0
 1227 00aa 00       		.byte	0
 1228 00ab 10       		.uleb128 0x10
 1229 00ac 28       		.uleb128 0x28
 1230 00ad 00       		.byte	0
 1231 00ae 03       		.uleb128 0x3
 1232 00af 0E       		.uleb128 0xe
 1233 00b0 1C       		.uleb128 0x1c
 1234 00b1 0B       		.uleb128 0xb
 1235 00b2 00       		.byte	0
 1236 00b3 00       		.byte	0
 1237 00b4 11       		.uleb128 0x11
 1238 00b5 16       		.uleb128 0x16
 1239 00b6 00       		.byte	0
 1240 00b7 03       		.uleb128 0x3
 1241 00b8 0E       		.uleb128 0xe
 1242 00b9 3A       		.uleb128 0x3a
 1243 00ba 0B       		.uleb128 0xb
 1244 00bb 3B       		.uleb128 0x3b
 1245 00bc 0B       		.uleb128 0xb
 1246 00bd 49       		.uleb128 0x49
 1247 00be 13       		.uleb128 0x13
 1248 00bf 00       		.byte	0
 1249 00c0 00       		.byte	0
ARM GAS  C:\Users\SHOZO\AppData\Local\Temp\ccEbLQ3A.s 			page 27


 1250 00c1 12       		.uleb128 0x12
 1251 00c2 2E       		.uleb128 0x2e
 1252 00c3 01       		.byte	0x1
 1253 00c4 3F       		.uleb128 0x3f
 1254 00c5 19       		.uleb128 0x19
 1255 00c6 03       		.uleb128 0x3
 1256 00c7 0E       		.uleb128 0xe
 1257 00c8 3A       		.uleb128 0x3a
 1258 00c9 0B       		.uleb128 0xb
 1259 00ca 3B       		.uleb128 0x3b
 1260 00cb 0B       		.uleb128 0xb
 1261 00cc 27       		.uleb128 0x27
 1262 00cd 19       		.uleb128 0x19
 1263 00ce 11       		.uleb128 0x11
 1264 00cf 01       		.uleb128 0x1
 1265 00d0 12       		.uleb128 0x12
 1266 00d1 06       		.uleb128 0x6
 1267 00d2 40       		.uleb128 0x40
 1268 00d3 18       		.uleb128 0x18
 1269 00d4 9742     		.uleb128 0x2117
 1270 00d6 19       		.uleb128 0x19
 1271 00d7 01       		.uleb128 0x1
 1272 00d8 13       		.uleb128 0x13
 1273 00d9 00       		.byte	0
 1274 00da 00       		.byte	0
 1275 00db 13       		.uleb128 0x13
 1276 00dc 34       		.uleb128 0x34
 1277 00dd 00       		.byte	0
 1278 00de 03       		.uleb128 0x3
 1279 00df 0E       		.uleb128 0xe
 1280 00e0 3A       		.uleb128 0x3a
 1281 00e1 0B       		.uleb128 0xb
 1282 00e2 3B       		.uleb128 0x3b
 1283 00e3 0B       		.uleb128 0xb
 1284 00e4 49       		.uleb128 0x49
 1285 00e5 13       		.uleb128 0x13
 1286 00e6 00       		.byte	0
 1287 00e7 00       		.byte	0
 1288 00e8 14       		.uleb128 0x14
 1289 00e9 2E       		.uleb128 0x2e
 1290 00ea 01       		.byte	0x1
 1291 00eb 3F       		.uleb128 0x3f
 1292 00ec 19       		.uleb128 0x19
 1293 00ed 03       		.uleb128 0x3
 1294 00ee 0E       		.uleb128 0xe
 1295 00ef 3A       		.uleb128 0x3a
 1296 00f0 0B       		.uleb128 0xb
 1297 00f1 3B       		.uleb128 0x3b
 1298 00f2 0B       		.uleb128 0xb
 1299 00f3 27       		.uleb128 0x27
 1300 00f4 19       		.uleb128 0x19
 1301 00f5 49       		.uleb128 0x49
 1302 00f6 13       		.uleb128 0x13
 1303 00f7 11       		.uleb128 0x11
 1304 00f8 01       		.uleb128 0x1
 1305 00f9 12       		.uleb128 0x12
 1306 00fa 06       		.uleb128 0x6
ARM GAS  C:\Users\SHOZO\AppData\Local\Temp\ccEbLQ3A.s 			page 28


 1307 00fb 40       		.uleb128 0x40
 1308 00fc 18       		.uleb128 0x18
 1309 00fd 9742     		.uleb128 0x2117
 1310 00ff 19       		.uleb128 0x19
 1311 0100 01       		.uleb128 0x1
 1312 0101 13       		.uleb128 0x13
 1313 0102 00       		.byte	0
 1314 0103 00       		.byte	0
 1315 0104 15       		.uleb128 0x15
 1316 0105 34       		.uleb128 0x34
 1317 0106 00       		.byte	0
 1318 0107 03       		.uleb128 0x3
 1319 0108 0E       		.uleb128 0xe
 1320 0109 3A       		.uleb128 0x3a
 1321 010a 0B       		.uleb128 0xb
 1322 010b 3B       		.uleb128 0x3b
 1323 010c 0B       		.uleb128 0xb
 1324 010d 49       		.uleb128 0x49
 1325 010e 13       		.uleb128 0x13
 1326 010f 02       		.uleb128 0x2
 1327 0110 17       		.uleb128 0x17
 1328 0111 00       		.byte	0
 1329 0112 00       		.byte	0
 1330 0113 16       		.uleb128 0x16
 1331 0114 898201   		.uleb128 0x4109
 1332 0117 00       		.byte	0
 1333 0118 11       		.uleb128 0x11
 1334 0119 01       		.uleb128 0x1
 1335 011a 31       		.uleb128 0x31
 1336 011b 13       		.uleb128 0x13
 1337 011c 00       		.byte	0
 1338 011d 00       		.byte	0
 1339 011e 17       		.uleb128 0x17
 1340 011f 34       		.uleb128 0x34
 1341 0120 00       		.byte	0
 1342 0121 03       		.uleb128 0x3
 1343 0122 0E       		.uleb128 0xe
 1344 0123 3A       		.uleb128 0x3a
 1345 0124 0B       		.uleb128 0xb
 1346 0125 3B       		.uleb128 0x3b
 1347 0126 0B       		.uleb128 0xb
 1348 0127 49       		.uleb128 0x49
 1349 0128 13       		.uleb128 0x13
 1350 0129 02       		.uleb128 0x2
 1351 012a 18       		.uleb128 0x18
 1352 012b 00       		.byte	0
 1353 012c 00       		.byte	0
 1354 012d 18       		.uleb128 0x18
 1355 012e 34       		.uleb128 0x34
 1356 012f 00       		.byte	0
 1357 0130 03       		.uleb128 0x3
 1358 0131 0E       		.uleb128 0xe
 1359 0132 3A       		.uleb128 0x3a
 1360 0133 0B       		.uleb128 0xb
 1361 0134 3B       		.uleb128 0x3b
 1362 0135 05       		.uleb128 0x5
 1363 0136 49       		.uleb128 0x49
ARM GAS  C:\Users\SHOZO\AppData\Local\Temp\ccEbLQ3A.s 			page 29


 1364 0137 13       		.uleb128 0x13
 1365 0138 3F       		.uleb128 0x3f
 1366 0139 19       		.uleb128 0x19
 1367 013a 3C       		.uleb128 0x3c
 1368 013b 19       		.uleb128 0x19
 1369 013c 00       		.byte	0
 1370 013d 00       		.byte	0
 1371 013e 19       		.uleb128 0x19
 1372 013f 26       		.uleb128 0x26
 1373 0140 00       		.byte	0
 1374 0141 49       		.uleb128 0x49
 1375 0142 13       		.uleb128 0x13
 1376 0143 00       		.byte	0
 1377 0144 00       		.byte	0
 1378 0145 1A       		.uleb128 0x1a
 1379 0146 2E       		.uleb128 0x2e
 1380 0147 00       		.byte	0
 1381 0148 3F       		.uleb128 0x3f
 1382 0149 19       		.uleb128 0x19
 1383 014a 3C       		.uleb128 0x3c
 1384 014b 19       		.uleb128 0x19
 1385 014c 6E       		.uleb128 0x6e
 1386 014d 0E       		.uleb128 0xe
 1387 014e 03       		.uleb128 0x3
 1388 014f 0E       		.uleb128 0xe
 1389 0150 3A       		.uleb128 0x3a
 1390 0151 0B       		.uleb128 0xb
 1391 0152 3B       		.uleb128 0x3b
 1392 0153 0B       		.uleb128 0xb
 1393 0154 00       		.byte	0
 1394 0155 00       		.byte	0
 1395 0156 00       		.byte	0
 1396              		.section	.debug_loc,"",%progbits
 1397              	.Ldebug_loc0:
 1398              	.LLST0:
 1399 0000 12000000 		.4byte	.LVL3
 1400 0004 1B000000 		.4byte	.LVL4-1
 1401 0008 0100     		.2byte	0x1
 1402 000a 50       		.byte	0x50
 1403 000b 76000000 		.4byte	.LVL19
 1404 000f 8F000000 		.4byte	.LVL20-1
 1405 0013 0100     		.2byte	0x1
 1406 0015 50       		.byte	0x50
 1407 0016 E4000000 		.4byte	.LVL29
 1408 001a F9000000 		.4byte	.LVL30-1
 1409 001e 0100     		.2byte	0x1
 1410 0020 50       		.byte	0x50
 1411 0021 00000000 		.4byte	0
 1412 0025 00000000 		.4byte	0
 1413              	.LLST1:
 1414 0029 A6000000 		.4byte	.LVL22
 1415 002d D2000000 		.4byte	.LVL25
 1416 0031 0100     		.2byte	0x1
 1417 0033 53       		.byte	0x53
 1418 0034 00000000 		.4byte	0
 1419 0038 00000000 		.4byte	0
 1420              	.LLST2:
ARM GAS  C:\Users\SHOZO\AppData\Local\Temp\ccEbLQ3A.s 			page 30


 1421 003c AC000000 		.4byte	.LVL23
 1422 0040 DC000000 		.4byte	.LVL27
 1423 0044 0100     		.2byte	0x1
 1424 0046 52       		.byte	0x52
 1425 0047 00000000 		.4byte	0
 1426 004b 00000000 		.4byte	0
 1427              	.LLST3:
 1428 004f 02000000 		.4byte	.LVL1
 1429 0053 06000000 		.4byte	.LVL2
 1430 0057 0200     		.2byte	0x2
 1431 0059 30       		.byte	0x30
 1432 005a 9F       		.byte	0x9f
 1433 005b 06000000 		.4byte	.LVL2
 1434 005f 34000000 		.4byte	.LVL6
 1435 0063 0100     		.2byte	0x1
 1436 0065 56       		.byte	0x56
 1437 0066 34000000 		.4byte	.LVL6
 1438 006a 38000000 		.4byte	.LVL7
 1439 006e 0200     		.2byte	0x2
 1440 0070 31       		.byte	0x31
 1441 0071 9F       		.byte	0x9f
 1442 0072 38000000 		.4byte	.LVL7
 1443 0076 3E000000 		.4byte	.LVL8
 1444 007a 0100     		.2byte	0x1
 1445 007c 56       		.byte	0x56
 1446 007d 3E000000 		.4byte	.LVL8
 1447 0081 42000000 		.4byte	.LVL9
 1448 0085 0200     		.2byte	0x2
 1449 0087 31       		.byte	0x31
 1450 0088 9F       		.byte	0x9f
 1451 0089 42000000 		.4byte	.LVL9
 1452 008d 4C000000 		.4byte	.LVL11
 1453 0091 0100     		.2byte	0x1
 1454 0093 56       		.byte	0x56
 1455 0094 4C000000 		.4byte	.LVL11
 1456 0098 52000000 		.4byte	.LVL12
 1457 009c 0200     		.2byte	0x2
 1458 009e 31       		.byte	0x31
 1459 009f 9F       		.byte	0x9f
 1460 00a0 52000000 		.4byte	.LVL12
 1461 00a4 58000000 		.4byte	.LVL13
 1462 00a8 0100     		.2byte	0x1
 1463 00aa 56       		.byte	0x56
 1464 00ab 58000000 		.4byte	.LVL13
 1465 00af 5C000000 		.4byte	.LVL14
 1466 00b3 0200     		.2byte	0x2
 1467 00b5 31       		.byte	0x31
 1468 00b6 9F       		.byte	0x9f
 1469 00b7 5C000000 		.4byte	.LVL14
 1470 00bb 62000000 		.4byte	.LVL15
 1471 00bf 0100     		.2byte	0x1
 1472 00c1 56       		.byte	0x56
 1473 00c2 62000000 		.4byte	.LVL15
 1474 00c6 66000000 		.4byte	.LVL16
 1475 00ca 0200     		.2byte	0x2
 1476 00cc 31       		.byte	0x31
 1477 00cd 9F       		.byte	0x9f
ARM GAS  C:\Users\SHOZO\AppData\Local\Temp\ccEbLQ3A.s 			page 31


 1478 00ce 66000000 		.4byte	.LVL16
 1479 00d2 6C000000 		.4byte	.LVL17
 1480 00d6 0100     		.2byte	0x1
 1481 00d8 56       		.byte	0x56
 1482 00d9 6C000000 		.4byte	.LVL17
 1483 00dd 6E000000 		.4byte	.LVL18
 1484 00e1 0200     		.2byte	0x2
 1485 00e3 30       		.byte	0x30
 1486 00e4 9F       		.byte	0x9f
 1487 00e5 6E000000 		.4byte	.LVL18
 1488 00e9 90000000 		.4byte	.LVL20
 1489 00ed 0100     		.2byte	0x1
 1490 00ef 56       		.byte	0x56
 1491 00f0 90000000 		.4byte	.LVL20
 1492 00f4 92000000 		.4byte	.LVL21
 1493 00f8 0200     		.2byte	0x2
 1494 00fa 30       		.byte	0x30
 1495 00fb 9F       		.byte	0x9f
 1496 00fc 92000000 		.4byte	.LVL21
 1497 0100 FC000000 		.4byte	.LVL32
 1498 0104 0100     		.2byte	0x1
 1499 0106 56       		.byte	0x56
 1500 0107 00000000 		.4byte	0
 1501 010b 00000000 		.4byte	0
 1502              	.LLST4:
 1503 010f 22000000 		.4byte	.LVL5
 1504 0113 C6000000 		.4byte	.LVL24
 1505 0117 0100     		.2byte	0x1
 1506 0119 54       		.byte	0x54
 1507 011a 00000000 		.4byte	0
 1508 011e 00000000 		.4byte	0
 1509              	.LLST5:
 1510 0122 02000000 		.4byte	.LVL1
 1511 0126 06000000 		.4byte	.LVL2
 1512 012a 0200     		.2byte	0x2
 1513 012c 30       		.byte	0x30
 1514 012d 9F       		.byte	0x9f
 1515 012e 06000000 		.4byte	.LVL2
 1516 0132 46000000 		.4byte	.LVL10
 1517 0136 0100     		.2byte	0x1
 1518 0138 55       		.byte	0x55
 1519 0139 46000000 		.4byte	.LVL10
 1520 013d 52000000 		.4byte	.LVL12
 1521 0141 0200     		.2byte	0x2
 1522 0143 31       		.byte	0x31
 1523 0144 9F       		.byte	0x9f
 1524 0145 52000000 		.4byte	.LVL12
 1525 0149 FC000000 		.4byte	.LVL31
 1526 014d 0100     		.2byte	0x1
 1527 014f 55       		.byte	0x55
 1528 0150 FC000000 		.4byte	.LVL31
 1529 0154 14010000 		.4byte	.LFE1
 1530 0158 0100     		.2byte	0x1
 1531 015a 50       		.byte	0x50
 1532 015b 00000000 		.4byte	0
 1533 015f 00000000 		.4byte	0
 1534              	.LLST6:
ARM GAS  C:\Users\SHOZO\AppData\Local\Temp\ccEbLQ3A.s 			page 32


 1535 0163 D8000000 		.4byte	.LVL26
 1536 0167 FA000000 		.4byte	.LVL30
 1537 016b 0100     		.2byte	0x1
 1538 016d 54       		.byte	0x54
 1539 016e 00000000 		.4byte	0
 1540 0172 00000000 		.4byte	0
 1541              		.section	.debug_aranges,"",%progbits
 1542 0000 24000000 		.4byte	0x24
 1543 0004 0200     		.2byte	0x2
 1544 0006 00000000 		.4byte	.Ldebug_info0
 1545 000a 04       		.byte	0x4
 1546 000b 00       		.byte	0
 1547 000c 0000     		.2byte	0
 1548 000e 0000     		.2byte	0
 1549 0010 00000000 		.4byte	.LFB0
 1550 0014 14000000 		.4byte	.LFE0-.LFB0
 1551 0018 00000000 		.4byte	.LFB1
 1552 001c 14010000 		.4byte	.LFE1-.LFB1
 1553 0020 00000000 		.4byte	0
 1554 0024 00000000 		.4byte	0
 1555              		.section	.debug_ranges,"",%progbits
 1556              	.Ldebug_ranges0:
 1557 0000 00000000 		.4byte	.LFB0
 1558 0004 14000000 		.4byte	.LFE0
 1559 0008 00000000 		.4byte	.LFB1
 1560 000c 14010000 		.4byte	.LFE1
 1561 0010 00000000 		.4byte	0
 1562 0014 00000000 		.4byte	0
 1563              		.section	.debug_line,"",%progbits
 1564              	.Ldebug_line0:
 1565 0000 18010000 		.section	.debug_str,"MS",%progbits,1
 1565      0200B400 
 1565      00000201 
 1565      FB0E0D00 
 1565      01010101 
 1566              	.LASF78:
 1567 0000 43617053 		.ascii	"CapSense_FLASH_STRUCT\000"
 1567      656E7365 
 1567      5F464C41 
 1567      53485F53 
 1567      54525543 
 1568              	.LASF54:
 1569 0016 77646774 		.ascii	"wdgtList\000"
 1569      4C697374 
 1569      00
 1570              	.LASF59:
 1571 001f 736E7254 		.ascii	"snrTestRawCount\000"
 1571      65737452 
 1571      6177436F 
 1571      756E7400 
 1572              	.LASF72:
 1573 002f 78526573 		.ascii	"xResolution\000"
 1573      6F6C7574 
 1573      696F6E00 
 1574              	.LASF104:
 1575 003b 43617053 		.ascii	"CapSense_TuInitialize\000"
 1575      656E7365 
ARM GAS  C:\Users\SHOZO\AppData\Local\Temp\ccEbLQ3A.s 			page 33


 1575      5F547549 
 1575      6E697469 
 1575      616C697A 
 1576              	.LASF36:
 1577 0051 62736C6E 		.ascii	"bsln\000"
 1577      00
 1578              	.LASF89:
 1579 0056 73656E73 		.ascii	"sensorId\000"
 1579      6F724964 
 1579      00
 1580              	.LASF27:
 1581 005f 69646163 		.ascii	"idacGainIndex\000"
 1581      4761696E 
 1581      496E6465 
 1581      7800
 1582              	.LASF86:
 1583 006d 43617053 		.ascii	"CapSense_TU_CMD_ENUM\000"
 1583      656E7365 
 1583      5F54555F 
 1583      434D445F 
 1583      454E554D 
 1584              	.LASF25:
 1585 0082 6C6F7742 		.ascii	"lowBslnRst\000"
 1585      736C6E52 
 1585      737400
 1586              	.LASF99:
 1587 008d 43794578 		.ascii	"CyExitCriticalSection\000"
 1587      69744372 
 1587      69746963 
 1587      616C5365 
 1587      6374696F 
 1588              	.LASF69:
 1589 00a3 746F7461 		.ascii	"totalNumSns\000"
 1589      6C4E756D 
 1589      536E7300 
 1590              	.LASF85:
 1591 00af 43617053 		.ascii	"CapSense_TU_CMD_ONE_SCAN_E\000"
 1591      656E7365 
 1591      5F54555F 
 1591      434D445F 
 1591      4F4E455F 
 1592              	.LASF26:
 1593 00ca 69646163 		.ascii	"idacMod\000"
 1593      4D6F6400 
 1594              	.LASF75:
 1595 00d2 69697246 		.ascii	"iirFilterCoeff\000"
 1595      696C7465 
 1595      72436F65 
 1595      666600
 1596              	.LASF2:
 1597 00e1 73686F72 		.ascii	"short int\000"
 1597      7420696E 
 1597      7400
 1598              	.LASF24:
 1599 00eb 6F6E4465 		.ascii	"onDebounce\000"
 1599      626F756E 
 1599      636500
ARM GAS  C:\Users\SHOZO\AppData\Local\Temp\ccEbLQ3A.s 			page 34


 1600              	.LASF16:
 1601 00f6 73697A65 		.ascii	"sizetype\000"
 1601      74797065 
 1601      00
 1602              	.LASF82:
 1603 00ff 43617053 		.ascii	"CapSense_TU_CMD_RESTART_E\000"
 1603      656E7365 
 1603      5F54555F 
 1603      434D445F 
 1603      52455354 
 1604              	.LASF76:
 1605 0119 43617053 		.ascii	"CapSense_FLASH_WD_STRUCT\000"
 1605      656E7365 
 1605      5F464C41 
 1605      53485F57 
 1605      445F5354 
 1606              	.LASF43:
 1607 0132 636F6E66 		.ascii	"configId\000"
 1607      69674964 
 1607      00
 1608              	.LASF40:
 1609 013b 69646163 		.ascii	"idacComp\000"
 1609      436F6D70 
 1609      00
 1610              	.LASF52:
 1611 0144 63736430 		.ascii	"csd0Config\000"
 1611      436F6E66 
 1611      696700
 1612              	.LASF6:
 1613 014f 6C6F6E67 		.ascii	"long long int\000"
 1613      206C6F6E 
 1613      6720696E 
 1613      7400
 1614              	.LASF103:
 1615 015d 433A5C55 		.ascii	"C:\\Users\\SHOZO\\Documents\\GitHub\\rokko_touch_20"
 1615      73657273 
 1615      5C53484F 
 1615      5A4F5C44 
 1615      6F63756D 
 1616 018b 32305C50 		.ascii	"20\\PSocCreator4_4\\KOJUKEI_20241030.cydsn\000"
 1616      536F6343 
 1616      72656174 
 1616      6F72345F 
 1616      345C4B4F 
 1617              	.LASF29:
 1618 01b4 736E7343 		.ascii	"snsClkSource\000"
 1618      6C6B536F 
 1618      75726365 
 1618      00
 1619              	.LASF79:
 1620 01c1 43617053 		.ascii	"CapSense_TU_CMD_NONE_E\000"
 1620      656E7365 
 1620      5F54555F 
 1620      434D445F 
 1620      4E4F4E45 
 1621              	.LASF21:
 1622 01d8 6E6F6973 		.ascii	"noiseTh\000"
ARM GAS  C:\Users\SHOZO\AppData\Local\Temp\ccEbLQ3A.s 			page 35


 1622      65546800 
 1623              	.LASF44:
 1624 01e0 64657669 		.ascii	"deviceId\000"
 1624      63654964 
 1624      00
 1625              	.LASF10:
 1626 01e9 75696E74 		.ascii	"uint16\000"
 1626      313600
 1627              	.LASF101:
 1628 01f0 474E5520 		.ascii	"GNU C11 5.4.1 20160609 (release) [ARM/embedded-5-br"
 1628      43313120 
 1628      352E342E 
 1628      31203230 
 1628      31363036 
 1629 0223 616E6368 		.ascii	"anch revision 237715] -mcpu=cortex-m0 -mthumb -g -O"
 1629      20726576 
 1629      6973696F 
 1629      6E203233 
 1629      37373135 
 1630 0256 67202D66 		.ascii	"g -ffunction-sections -ffat-lto-objects\000"
 1630      66756E63 
 1630      74696F6E 
 1630      2D736563 
 1630      74696F6E 
 1631              	.LASF105:
 1632 027e 43617053 		.ascii	"CapSense_RunTuner\000"
 1632      656E7365 
 1632      5F52756E 
 1632      54756E65 
 1632      7200
 1633              	.LASF67:
 1634 0290 70747232 		.ascii	"ptr2DebounceArr\000"
 1634      4465626F 
 1634      756E6365 
 1634      41727200 
 1635              	.LASF9:
 1636 02a0 75696E74 		.ascii	"uint8\000"
 1636      3800
 1637              	.LASF28:
 1638 02a6 736E7343 		.ascii	"snsClk\000"
 1638      6C6B00
 1639              	.LASF12:
 1640 02ad 666C6F61 		.ascii	"float\000"
 1640      7400
 1641              	.LASF35:
 1642 02b3 43617053 		.ascii	"CapSense_RAM_WD_LIST_STRUCT\000"
 1642      656E7365 
 1642      5F52414D 
 1642      5F57445F 
 1642      4C495354 
 1643              	.LASF57:
 1644 02cf 736E7254 		.ascii	"snrTestSensorId\000"
 1644      65737453 
 1644      656E736F 
 1644      72496400 
 1645              	.LASF84:
 1646 02df 43617053 		.ascii	"CapSense_TU_CMD_PING_E\000"
ARM GAS  C:\Users\SHOZO\AppData\Local\Temp\ccEbLQ3A.s 			page 36


 1646      656E7365 
 1646      5F54555F 
 1646      434D445F 
 1646      50494E47 
 1647              	.LASF14:
 1648 02f6 63686172 		.ascii	"char\000"
 1648      00
 1649              	.LASF4:
 1650 02fb 6C6F6E67 		.ascii	"long int\000"
 1650      20696E74 
 1650      00
 1651              	.LASF70:
 1652 0304 77646774 		.ascii	"wdgtType\000"
 1652      54797065 
 1652      00
 1653              	.LASF102:
 1654 030d 47656E65 		.ascii	"Generated_Source\\PSoC4\\CapSense_Tuner.c\000"
 1654      72617465 
 1654      645F536F 
 1654      75726365 
 1654      5C50536F 
 1655              	.LASF20:
 1656 0335 66696E67 		.ascii	"fingerTh\000"
 1656      65725468 
 1656      00
 1657              	.LASF39:
 1658 033e 6E656742 		.ascii	"negBslnRstCnt\000"
 1658      736C6E52 
 1658      7374436E 
 1658      7400
 1659              	.LASF64:
 1660 034c 70747232 		.ascii	"ptr2WdgtRam\000"
 1660      57646774 
 1660      52616D00 
 1661              	.LASF96:
 1662 0358 43617053 		.ascii	"CapSense_dsRam\000"
 1662      656E7365 
 1662      5F647352 
 1662      616D00
 1663              	.LASF71:
 1664 0367 6E756D43 		.ascii	"numCols\000"
 1664      6F6C7300 
 1665              	.LASF23:
 1666 036f 68797374 		.ascii	"hysteresis\000"
 1666      65726573 
 1666      697300
 1667              	.LASF46:
 1668 037a 74756E65 		.ascii	"tunerCmd\000"
 1668      72436D64 
 1668      00
 1669              	.LASF15:
 1670 0383 6C6F6E67 		.ascii	"long double\000"
 1670      20646F75 
 1670      626C6500 
 1671              	.LASF50:
 1672 038f 77646774 		.ascii	"wdgtStatus\000"
 1672      53746174 
ARM GAS  C:\Users\SHOZO\AppData\Local\Temp\ccEbLQ3A.s 			page 37


 1672      757300
 1673              	.LASF94:
 1674 039a 70747253 		.ascii	"ptrSnsTmp\000"
 1674      6E73546D 
 1674      7000
 1675              	.LASF98:
 1676 03a4 4379456E 		.ascii	"CyEnterCriticalSection\000"
 1676      74657243 
 1676      72697469 
 1676      63616C53 
 1676      65637469 
 1677              	.LASF1:
 1678 03bb 756E7369 		.ascii	"unsigned char\000"
 1678      676E6564 
 1678      20636861 
 1678      7200
 1679              	.LASF17:
 1680 03c9 43617053 		.ascii	"CapSense_THRESHOLD_TYPE\000"
 1680      656E7365 
 1680      5F544852 
 1680      4553484F 
 1680      4C445F54 
 1681              	.LASF0:
 1682 03e1 7369676E 		.ascii	"signed char\000"
 1682      65642063 
 1682      68617200 
 1683              	.LASF42:
 1684 03ed 43617053 		.ascii	"CapSense_RAM_SNS_LIST_STRUCT\000"
 1684      656E7365 
 1684      5F52414D 
 1684      5F534E53 
 1684      5F4C4953 
 1685              	.LASF7:
 1686 040a 6C6F6E67 		.ascii	"long long unsigned int\000"
 1686      206C6F6E 
 1686      6720756E 
 1686      7369676E 
 1686      65642069 
 1687              	.LASF68:
 1688 0421 73746174 		.ascii	"staticConfig\000"
 1688      6963436F 
 1688      6E666967 
 1688      00
 1689              	.LASF100:
 1690 042e 43617053 		.ascii	"CapSense_Start\000"
 1690      656E7365 
 1690      5F537461 
 1690      727400
 1691              	.LASF8:
 1692 043d 756E7369 		.ascii	"unsigned int\000"
 1692      676E6564 
 1692      20696E74 
 1692      00
 1693              	.LASF5:
 1694 044a 6C6F6E67 		.ascii	"long unsigned int\000"
 1694      20756E73 
 1694      69676E65 
ARM GAS  C:\Users\SHOZO\AppData\Local\Temp\ccEbLQ3A.s 			page 38


 1694      6420696E 
 1694      7400
 1695              	.LASF49:
 1696 045c 77646774 		.ascii	"wdgtEnable\000"
 1696      456E6162 
 1696      6C6500
 1697              	.LASF61:
 1698 0467 7363616E 		.ascii	"scanCurrentISC\000"
 1698      43757272 
 1698      656E7449 
 1698      534300
 1699              	.LASF73:
 1700 0476 7843656E 		.ascii	"xCentroidMultiplier\000"
 1700      74726F69 
 1700      644D756C 
 1700      7469706C 
 1700      69657200 
 1701              	.LASF80:
 1702 048a 43617053 		.ascii	"CapSense_TU_CMD_SUSPEND_E\000"
 1702      656E7365 
 1702      5F54555F 
 1702      434D445F 
 1702      53555350 
 1703              	.LASF41:
 1704 04a4 43617053 		.ascii	"CapSense_RAM_SNS_STRUCT\000"
 1704      656E7365 
 1704      5F52414D 
 1704      5F534E53 
 1704      5F535452 
 1705              	.LASF18:
 1706 04bc 43617053 		.ascii	"CapSense_LOW_BSLN_RST_TYPE\000"
 1706      656E7365 
 1706      5F4C4F57 
 1706      5F42534C 
 1706      4E5F5253 
 1707              	.LASF48:
 1708 04d7 73746174 		.ascii	"status\000"
 1708      757300
 1709              	.LASF88:
 1710 04de 77696467 		.ascii	"widgetId\000"
 1710      65744964 
 1710      00
 1711              	.LASF58:
 1712 04e7 736E7254 		.ascii	"snrTestScanCounter\000"
 1712      65737453 
 1712      63616E43 
 1712      6F756E74 
 1712      657200
 1713              	.LASF19:
 1714 04fa 7265736F 		.ascii	"resolution\000"
 1714      6C757469 
 1714      6F6E00
 1715              	.LASF3:
 1716 0505 73686F72 		.ascii	"short unsigned int\000"
 1716      7420756E 
 1716      7369676E 
 1716      65642069 
ARM GAS  C:\Users\SHOZO\AppData\Local\Temp\ccEbLQ3A.s 			page 39


 1716      6E7400
 1717              	.LASF55:
 1718 0518 736E734C 		.ascii	"snsList\000"
 1718      69737400 
 1719              	.LASF53:
 1720 0520 6D6F6443 		.ascii	"modCsdClk\000"
 1720      7364436C 
 1720      6B00
 1721              	.LASF47:
 1722 052a 7363616E 		.ascii	"scanCounter\000"
 1722      436F756E 
 1722      74657200 
 1723              	.LASF22:
 1724 0536 6E4E6F69 		.ascii	"nNoiseTh\000"
 1724      73655468 
 1724      00
 1725              	.LASF87:
 1726 053f 696E7465 		.ascii	"interruptState\000"
 1726      72727570 
 1726      74537461 
 1726      746500
 1727              	.LASF62:
 1728 054e 43617053 		.ascii	"CapSense_RAM_STRUCT\000"
 1728      656E7365 
 1728      5F52414D 
 1728      5F535452 
 1728      55435400 
 1729              	.LASF31:
 1730 0562 73696750 		.ascii	"sigPFC\000"
 1730      464300
 1731              	.LASF11:
 1732 0569 75696E74 		.ascii	"uint32\000"
 1732      333200
 1733              	.LASF60:
 1734 0570 7363616E 		.ascii	"scanCsdISC\000"
 1734      43736449 
 1734      534300
 1735              	.LASF95:
 1736 057b 74756E65 		.ascii	"tunerFsm\000"
 1736      7246736D 
 1736      00
 1737              	.LASF13:
 1738 0584 646F7562 		.ascii	"double\000"
 1738      6C6500
 1739              	.LASF74:
 1740 058b 70747232 		.ascii	"ptr2PosHistory\000"
 1740      506F7348 
 1740      6973746F 
 1740      727900
 1741              	.LASF37:
 1742 059a 62736C6E 		.ascii	"bslnExt\000"
 1742      45787400 
 1743              	.LASF83:
 1744 05a2 43617053 		.ascii	"CapSense_TU_CMD_RUN_SNR_TEST_E\000"
 1744      656E7365 
 1744      5F54555F 
 1744      434D445F 
ARM GAS  C:\Users\SHOZO\AppData\Local\Temp\ccEbLQ3A.s 			page 40


 1744      52554E5F 
 1745              	.LASF93:
 1746 05c1 70747244 		.ascii	"ptrDsRam\000"
 1746      7352616D 
 1746      00
 1747              	.LASF45:
 1748 05ca 6877436C 		.ascii	"hwClock\000"
 1748      6F636B00 
 1749              	.LASF90:
 1750 05d2 75706461 		.ascii	"updateFlag\000"
 1750      7465466C 
 1750      616700
 1751              	.LASF81:
 1752 05dd 43617053 		.ascii	"CapSense_TU_CMD_RESUME_E\000"
 1752      656E7365 
 1752      5F54555F 
 1752      434D445F 
 1752      52455355 
 1753              	.LASF65:
 1754 05f6 70747232 		.ascii	"ptr2SnsRam\000"
 1754      536E7352 
 1754      616D00
 1755              	.LASF63:
 1756 0601 70747232 		.ascii	"ptr2SnsFlash\000"
 1756      536E7346 
 1756      6C617368 
 1756      00
 1757              	.LASF66:
 1758 060e 70747232 		.ascii	"ptr2FltrHistory\000"
 1758      466C7472 
 1758      48697374 
 1758      6F727900 
 1759              	.LASF77:
 1760 061e 77646774 		.ascii	"wdgtArray\000"
 1760      41727261 
 1760      7900
 1761              	.LASF30:
 1762 0628 66696E67 		.ascii	"fingerCap\000"
 1762      65724361 
 1762      7000
 1763              	.LASF97:
 1764 0632 43617053 		.ascii	"CapSense_dsFlash\000"
 1764      656E7365 
 1764      5F647346 
 1764      6C617368 
 1764      00
 1765              	.LASF34:
 1766 0643 6C696E65 		.ascii	"linearslider0\000"
 1766      6172736C 
 1766      69646572 
 1766      3000
 1767              	.LASF32:
 1768 0651 706F7369 		.ascii	"position\000"
 1768      74696F6E 
 1768      00
 1769              	.LASF56:
 1770 065a 736E7254 		.ascii	"snrTestWidgetId\000"
ARM GAS  C:\Users\SHOZO\AppData\Local\Temp\ccEbLQ3A.s 			page 41


 1770      65737457 
 1770      69646765 
 1770      74496400 
 1771              	.LASF92:
 1772 066a 74756E65 		.ascii	"tunerStatus\000"
 1772      72537461 
 1772      74757300 
 1773              	.LASF51:
 1774 0676 736E7353 		.ascii	"snsStatus\000"
 1774      74617475 
 1774      7300
 1775              	.LASF91:
 1776 0680 636F6D6D 		.ascii	"command\000"
 1776      616E6400 
 1777              	.LASF33:
 1778 0688 43617053 		.ascii	"CapSense_RAM_WD_SLIDER_STRUCT\000"
 1778      656E7365 
 1778      5F52414D 
 1778      5F57445F 
 1778      534C4944 
 1779              	.LASF38:
 1780 06a6 64696666 		.ascii	"diff\000"
 1780      00
 1781              		.ident	"GCC: (GNU Tools for ARM Embedded Processors) 5.4.1 20160609 (release) [ARM/embedded-5-bran
